Using pre-set license
Built from '2022.3/staging' branch; Version is '2022.3.4f1 (35713cd46cd7) revision 3502396'; Using compiler version '192829333'; Build Type 'Release'
OS: 'Windows 10  (10.0.19044) 64bit Professional' Language: 'ko' Physical Memory: 16281 MB
BatchMode: 1, IsHumanControllingUs: 0, StartBugReporterOnCrash: 0, Is64bit: 1, IsPro: 1

COMMAND LINE ARGUMENTS:
C:\Program Files\Unity\Hub\Editor\2022.3.4f1\Editor\Unity.exe
-adb2
-batchMode
-noUpm
-name
AssetImportWorker0
-projectPath
C:/Users/User/Desktop/2Dproject1/project1
-logFile
Logs/AssetImportWorker0.log
-srvPort
50079
Successfully changed project path to: C:/Users/User/Desktop/2Dproject1/project1
C:/Users/User/Desktop/2Dproject1/project1
[UnityMemory] Configuration Parameters - Can be set up in boot.config
    "memorysetup-bucket-allocator-granularity=16"
    "memorysetup-bucket-allocator-bucket-count=8"
    "memorysetup-bucket-allocator-block-size=33554432"
    "memorysetup-bucket-allocator-block-count=8"
    "memorysetup-main-allocator-block-size=16777216"
    "memorysetup-thread-allocator-block-size=16777216"
    "memorysetup-gfx-main-allocator-block-size=16777216"
    "memorysetup-gfx-thread-allocator-block-size=16777216"
    "memorysetup-cache-allocator-block-size=4194304"
    "memorysetup-typetree-allocator-block-size=2097152"
    "memorysetup-profiler-bucket-allocator-granularity=16"
    "memorysetup-profiler-bucket-allocator-bucket-count=8"
    "memorysetup-profiler-bucket-allocator-block-size=33554432"
    "memorysetup-profiler-bucket-allocator-block-count=8"
    "memorysetup-profiler-allocator-block-size=16777216"
    "memorysetup-profiler-editor-allocator-block-size=1048576"
    "memorysetup-temp-allocator-size-main=16777216"
    "memorysetup-job-temp-allocator-block-size=2097152"
    "memorysetup-job-temp-allocator-block-size-background=1048576"
    "memorysetup-job-temp-allocator-reduction-small-platforms=262144"
    "memorysetup-allocator-temp-initial-block-size-main=262144"
    "memorysetup-allocator-temp-initial-block-size-worker=262144"
    "memorysetup-temp-allocator-size-background-worker=32768"
    "memorysetup-temp-allocator-size-job-worker=262144"
    "memorysetup-temp-allocator-size-preload-manager=33554432"
    "memorysetup-temp-allocator-size-nav-mesh-worker=65536"
    "memorysetup-temp-allocator-size-audio-worker=65536"
    "memorysetup-temp-allocator-size-cloud-worker=32768"
    "memorysetup-temp-allocator-size-gi-baking-worker=262144"
    "memorysetup-temp-allocator-size-gfx=262144"
Player connection [13788] Host "[IP] 192.168.7.123 [Port] 0 [Flags] 2 [Guid] 2809510831 [EditorId] 2809510831 [Version] 1048832 [Id] WindowsEditor(7,gf12) [Debug] 1 [PackageName] WindowsEditor [ProjectName] Editor" joined multi-casting on [225.0.0.222:54997]...

Player connection [13788] Host "[IP] 192.168.7.123 [Port] 0 [Flags] 2 [Guid] 2809510831 [EditorId] 2809510831 [Version] 1048832 [Id] WindowsEditor(7,gf12) [Debug] 1 [PackageName] WindowsEditor [ProjectName] Editor" joined alternative multi-casting on [225.0.0.222:34997]...

Refreshing native plugins compatible for Editor in 2.89 ms, found 3 plugins.
Preloading 0 native plugins for Editor in 0.00 ms.
Initialize engine version: 2022.3.4f1 (35713cd46cd7)
[Subsystems] Discovering subsystems at path C:/Program Files/Unity/Hub/Editor/2022.3.4f1/Editor/Data/Resources/UnitySubsystems
[Subsystems] Discovering subsystems at path C:/Users/User/Desktop/2Dproject1/project1/Assets
GfxDevice: creating device client; threaded=0; jobified=0
Direct3D:
    Version:  Direct3D 11.0 [level 11.1]
    Renderer: NVIDIA GeForce GTX 1660 SUPER (ID=0x21c4)
    Vendor:   NVIDIA
    VRAM:     5980 MB
    Driver:   31.0.15.2802
Initialize mono
Mono path[0] = 'C:/Program Files/Unity/Hub/Editor/2022.3.4f1/Editor/Data/Managed'
Mono path[1] = 'C:/Program Files/Unity/Hub/Editor/2022.3.4f1/Editor/Data/MonoBleedingEdge/lib/mono/unityjit-win32'
Mono config path = 'C:/Program Files/Unity/Hub/Editor/2022.3.4f1/Editor/Data/MonoBleedingEdge/etc'
Using monoOptions --debugger-agent=transport=dt_socket,embedding=1,server=y,suspend=n,address=127.0.0.1:56328
Begin MonoManager ReloadAssembly
Registering precompiled unity dll's ...
Register platform support module: C:/Program Files/Unity/Hub/Editor/2022.3.4f1/Editor/Data/PlaybackEngines/WindowsStandaloneSupport/UnityEditor.WindowsStandalone.Extensions.dll
Registered in 0.002738 seconds.
- Loaded All Assemblies, in  0.214 seconds
Native extension for WindowsStandalone target not found
Mono: successfully reloaded assembly
- Finished resetting the current domain, in  0.193 seconds
Domain Reload Profiling: 408ms
	BeginReloadAssembly (55ms)
		ExecutionOrderSort (0ms)
		DisableScriptedObjects (0ms)
		BackupInstance (0ms)
		ReleaseScriptingObjects (0ms)
		CreateAndSetChildDomain (1ms)
	RebuildCommonClasses (23ms)
	RebuildNativeTypeToScriptingClass (8ms)
	initialDomainReloadingComplete (36ms)
	LoadAllAssembliesAndSetupDomain (92ms)
		LoadAssemblies (54ms)
		RebuildTransferFunctionScriptingTraits (0ms)
		AnalyzeDomain (90ms)
			TypeCache.Refresh (89ms)
				TypeCache.ScanAssembly (81ms)
			ScanForSourceGeneratedMonoScriptInfo (0ms)
			ResolveRequiredComponents (0ms)
	FinalizeReload (194ms)
		ReleaseScriptCaches (0ms)
		RebuildScriptCaches (0ms)
		SetupLoadedEditorAssemblies (150ms)
			LogAssemblyErrors (0ms)
			InitializePlatformSupportModulesInManaged (7ms)
			SetLoadedEditorAssemblies (7ms)
			RefreshPlugins (0ms)
			BeforeProcessingInitializeOnLoad (2ms)
			ProcessInitializeOnLoadAttributes (100ms)
			ProcessInitializeOnLoadMethodAttributes (35ms)
			AfterProcessingInitializeOnLoad (0ms)
			EditorAssembliesLoaded (0ms)
		ExecutionOrderSort2 (0ms)
		AwakeInstancesAfterBackupRestoration (0ms)
========================================================================
Worker process is ready to serve import requests
Begin MonoManager ReloadAssembly
Symbol file LoadedFromMemory doesn't match image C:\Users\User\Desktop\2Dproject1\project1\Library\PackageCache\com.unity.visualscripting@1.8.0\Editor\VisualScripting.Core\Dependencies\YamlDotNet\Unity.VisualScripting.YamlDotNet.dll
Symbol file LoadedFromMemory doesn't match image C:\Users\User\Desktop\2Dproject1\project1\Library\PackageCache\com.unity.visualscripting@1.8.0\Editor\VisualScripting.Core\Dependencies\DotNetZip\Unity.VisualScripting.IonicZip.dll
- Loaded All Assemblies, in  0.499 seconds
Refreshing native plugins compatible for Editor in 1.02 ms, found 3 plugins.
Native extension for WindowsStandalone target not found
Package Manager log level set to [2]
[Package Manager] Server::EnsureServerProcessIsRunning -- launch failed, reason: Unity was launched with the -noUpm command-line argument
[Package Manager] UpmClient::Send -- Unable to send message (not connected to UPM process).
[Package Manager] Cannot connect to Unity Package Manager local server
Mono: successfully reloaded assembly
- Finished resetting the current domain, in  0.439 seconds
Domain Reload Profiling: 937ms
	BeginReloadAssembly (100ms)
		ExecutionOrderSort (0ms)
		DisableScriptedObjects (4ms)
		BackupInstance (0ms)
		ReleaseScriptingObjects (0ms)
		CreateAndSetChildDomain (15ms)
	RebuildCommonClasses (24ms)
	RebuildNativeTypeToScriptingClass (8ms)
	initialDomainReloadingComplete (28ms)
	LoadAllAssembliesAndSetupDomain (339ms)
		LoadAssemblies (177ms)
		RebuildTransferFunctionScriptingTraits (0ms)
		AnalyzeDomain (207ms)
			TypeCache.Refresh (194ms)
				TypeCache.ScanAssembly (186ms)
			ScanForSourceGeneratedMonoScriptInfo (10ms)
			ResolveRequiredComponents (3ms)
	FinalizeReload (439ms)
		ReleaseScriptCaches (0ms)
		RebuildScriptCaches (0ms)
		SetupLoadedEditorAssemblies (328ms)
			LogAssemblyErrors (0ms)
			InitializePlatformSupportModulesInManaged (4ms)
			SetLoadedEditorAssemblies (4ms)
			RefreshPlugins (0ms)
			BeforeProcessingInitializeOnLoad (59ms)
			ProcessInitializeOnLoadAttributes (245ms)
			ProcessInitializeOnLoadMethodAttributes (14ms)
			AfterProcessingInitializeOnLoad (2ms)
			EditorAssembliesLoaded (0ms)
		ExecutionOrderSort2 (0ms)
		AwakeInstancesAfterBackupRestoration (4ms)
Launched and connected shader compiler UnityShaderCompiler.exe after 0.02 seconds
Refreshing native plugins compatible for Editor in 1.15 ms, found 3 plugins.
Preloading 0 native plugins for Editor in 0.00 ms.
Unloading 3071 Unused Serialized files (Serialized files now loaded: 0)
Unloading 31 unused Assets / (56.3 KB). Loaded Objects now: 3535.
Memory consumption went from 115.9 MB to 115.8 MB.
Total: 2.463100 ms (FindLiveObjects: 0.188500 ms CreateObjectMapping: 0.085000 ms MarkObjects: 2.108400 ms  DeleteObjects: 0.080600 ms)

AssetImportParameters requested are different than current active one (requested -> active):
  custom:container-demuxer-ogg: 62fdf1f143b41e24485cea50d1cbac27 -> 
  custom:video-decoder-ogg-theora: a1e56fd34408186e4bbccfd4996cb3dc -> 
  custom:framework-win-MediaFoundation: 216162199b28c13a410421893ffa2e32 -> 
  custom:CustomObjectIndexerAttribute: 756ad292c208cfabdd7b50bc23989ffe -> 
  custom:container-demuxer-webm: 4f35f7cbe854078d1ac9338744f61a02 -> 
  custom:container-muxer-webm: aa71ff27fc2769a1b78a27578f13a17b -> 
  custom:video-decoder-webm-vp8: 9c59270c3fd7afecdb556c50c9e8de78 -> 
  custom:AudioImporter_EditorPlatform: d09bf68614088b80899f8185d706f6e7 -> 
  custom:video-encoder-webm-vp8: eb34c28f22e8b96e1ab97ce403110664 -> 
  custom:audio-decoder-ogg-vorbis: bf7c407c2cedff20999df2af8eb42d56 -> 
  custom:audio-encoder-webm-vorbis: bf7c407c2cedff20999df2af8eb42d56 -> 
========================================================================
Received Import Request.
  Time since last request: 368.153812 seconds.
  path: Assets/Warped City Assets/Artwork/ENVIRONMENT/background/skyline-a.png
  artifactKey: Guid(85e3b366cc43a412eaea4abb85da0cd3) Importer(815301076,1909f56bfc062723c751e8b465ee728b)
Start importing Assets/Warped City Assets/Artwork/ENVIRONMENT/background/skyline-a.png using Guid(85e3b366cc43a412eaea4abb85da0cd3) Importer(815301076,1909f56bfc062723c751e8b465ee728b)  -> (artifact id: '0e1d6c950f3ff0be0d03b65a8045616c') in 0.063151 seconds
Number of updated asset objects reloaded before import = 0
Number of asset objects unloaded after import = 3
========================================================================
Received Import Request.
  Time since last request: 3.935389 seconds.
  path: Assets/Warped City Assets/Artwork/ENVIRONMENT/background/near-buildings-bg.png
  artifactKey: Guid(8be56079f98104befaf15e67184d36f1) Importer(815301076,1909f56bfc062723c751e8b465ee728b)
Start importing Assets/Warped City Assets/Artwork/ENVIRONMENT/background/near-buildings-bg.png using Guid(8be56079f98104befaf15e67184d36f1) Importer(815301076,1909f56bfc062723c751e8b465ee728b)  -> (artifact id: 'b1ef5b631ea823cda8f72f2526e0e501') in 0.008794 seconds
Number of updated asset objects reloaded before import = 0
Number of asset objects unloaded after import = 3
========================================================================
Received Import Request.
  Time since last request: 0.722378 seconds.
  path: Assets/Warped City Assets/Artwork/ENVIRONMENT/background/buildings-bg.png
  artifactKey: Guid(37d1bdb3e1de647ae915d01a2b7def15) Importer(815301076,1909f56bfc062723c751e8b465ee728b)
Start importing Assets/Warped City Assets/Artwork/ENVIRONMENT/background/buildings-bg.png using Guid(37d1bdb3e1de647ae915d01a2b7def15) Importer(815301076,1909f56bfc062723c751e8b465ee728b)  -> (artifact id: '97c5d5fb36d17c3562f0e0c7ac30cf5d') in 0.006529 seconds
Number of updated asset objects reloaded before import = 0
Number of asset objects unloaded after import = 3
========================================================================
Received Import Request.
  Time since last request: 2.676886 seconds.
  path: Assets/Warped City Assets/Artwork/ENVIRONMENT/background/skyline-a.png
  artifactKey: Guid(85e3b366cc43a412eaea4abb85da0cd3) Importer(815301076,1909f56bfc062723c751e8b465ee728b)
Start importing Assets/Warped City Assets/Artwork/ENVIRONMENT/background/skyline-a.png using Guid(85e3b366cc43a412eaea4abb85da0cd3) Importer(815301076,1909f56bfc062723c751e8b465ee728b)  -> (artifact id: '13f776f024ebda1408c4df545e85dcc2') in 0.005865 seconds
Number of updated asset objects reloaded before import = 0
Number of asset objects unloaded after import = 3
========================================================================
Received Import Request.
  Time since last request: 0.907606 seconds.
  path: Assets/Warped City Assets/Artwork/ENVIRONMENT/background/skyline-b.png
  artifactKey: Guid(224884cef4f9549dc8e494a2c3f6ee87) Importer(815301076,1909f56bfc062723c751e8b465ee728b)
Start importing Assets/Warped City Assets/Artwork/ENVIRONMENT/background/skyline-b.png using Guid(224884cef4f9549dc8e494a2c3f6ee87) Importer(815301076,1909f56bfc062723c751e8b465ee728b)  -> (artifact id: 'd8fcc5c2cbc6a7bec8ea8d5d66216631') in 0.008145 seconds
Number of updated asset objects reloaded before import = 0
Number of asset objects unloaded after import = 3
========================================================================
Received Import Request.
  Time since last request: 2.477169 seconds.
  path: Assets/Warped City Assets/Artwork/ENVIRONMENT/background/skyline-b.png
  artifactKey: Guid(224884cef4f9549dc8e494a2c3f6ee87) Importer(815301076,1909f56bfc062723c751e8b465ee728b)
Start importing Assets/Warped City Assets/Artwork/ENVIRONMENT/background/skyline-b.png using Guid(224884cef4f9549dc8e494a2c3f6ee87) Importer(815301076,1909f56bfc062723c751e8b465ee728b)  -> (artifact id: '73eeea088ccc0c1146737cd8fdb82bc4') in 0.007520 seconds
Number of updated asset objects reloaded before import = 0
Number of asset objects unloaded after import = 3
========================================================================
Received Import Request.
  Time since last request: 18.210766 seconds.
  path: Assets/Warped City Assets/Artwork/ENVIRONMENT/props/monitorface/monitor-face-1.png
  artifactKey: Guid(448d3aba5d2244712a8acb1c7c051c68) Importer(815301076,1909f56bfc062723c751e8b465ee728b)
Start importing Assets/Warped City Assets/Artwork/ENVIRONMENT/props/monitorface/monitor-face-1.png using Guid(448d3aba5d2244712a8acb1c7c051c68) Importer(815301076,1909f56bfc062723c751e8b465ee728b)  -> (artifact id: '80b039c0c77e4f852e74d2b2a5b2ffac') in 0.007314 seconds
Number of updated asset objects reloaded before import = 0
Number of asset objects unloaded after import = 3
========================================================================
Received Import Request.
  Time since last request: 0.705306 seconds.
  path: Assets/Warped City Assets/Artwork/ENVIRONMENT/props/monitorface/monitor-face-2.png
  artifactKey: Guid(38b39d9e9f64d462a9ad0da114db0656) Importer(815301076,1909f56bfc062723c751e8b465ee728b)
Start importing Assets/Warped City Assets/Artwork/ENVIRONMENT/props/monitorface/monitor-face-2.png using Guid(38b39d9e9f64d462a9ad0da114db0656) Importer(815301076,1909f56bfc062723c751e8b465ee728b)  -> (artifact id: 'a0f2e146b30ea244dd81a013c9a6f485') in 0.009127 seconds
Number of updated asset objects reloaded before import = 0
Number of asset objects unloaded after import = 3
========================================================================
Received Import Request.
  Time since last request: 0.173289 seconds.
  path: Assets/Warped City Assets/Artwork/ENVIRONMENT/props/monitorface/monitor-face-3.png
  artifactKey: Guid(71da76ca76c9c4c02b2e1f45b2c35dc1) Importer(815301076,1909f56bfc062723c751e8b465ee728b)
Start importing Assets/Warped City Assets/Artwork/ENVIRONMENT/props/monitorface/monitor-face-3.png using Guid(71da76ca76c9c4c02b2e1f45b2c35dc1) Importer(815301076,1909f56bfc062723c751e8b465ee728b)  -> (artifact id: '17a8cb906e9a0e4729a0c1c951dbb7ca') in 0.004789 seconds
Number of updated asset objects reloaded before import = 0
Number of asset objects unloaded after import = 3
========================================================================
Received Import Request.
  Time since last request: 0.169863 seconds.
  path: Assets/Warped City Assets/Artwork/ENVIRONMENT/props/monitorface/monitor-face-4.png
  artifactKey: Guid(5d3bcf9bd7a3c484d9a14a2502432dc2) Importer(815301076,1909f56bfc062723c751e8b465ee728b)
Start importing Assets/Warped City Assets/Artwork/ENVIRONMENT/props/monitorface/monitor-face-4.png using Guid(5d3bcf9bd7a3c484d9a14a2502432dc2) Importer(815301076,1909f56bfc062723c751e8b465ee728b)  -> (artifact id: 'a4291104a6b500f2581f9b63fcd8b544') in 0.004838 seconds
Number of updated asset objects reloaded before import = 0
Number of asset objects unloaded after import = 3
========================================================================
Received Import Request.
  Time since last request: 6.472981 seconds.
  path: Assets/Warped City Assets/Artwork/ENVIRONMENT/props/banner-arrow.png
  artifactKey: Guid(f87454e6f046e4340b8ae4c03ebfa016) Importer(815301076,1909f56bfc062723c751e8b465ee728b)
Start importing Assets/Warped City Assets/Artwork/ENVIRONMENT/props/banner-arrow.png using Guid(f87454e6f046e4340b8ae4c03ebfa016) Importer(815301076,1909f56bfc062723c751e8b465ee728b)  -> (artifact id: '03dad1ac9e714a899f2c05e08ce7f07d') in 0.007111 seconds
Number of updated asset objects reloaded before import = 0
Number of asset objects unloaded after import = 3
========================================================================
Received Import Request.
  Time since last request: 0.934766 seconds.
  path: Assets/Warped City Assets/Artwork/ENVIRONMENT/props/control-box-1.png
  artifactKey: Guid(166ee1a541de14030b238510ce729b13) Importer(815301076,1909f56bfc062723c751e8b465ee728b)
Start importing Assets/Warped City Assets/Artwork/ENVIRONMENT/props/control-box-1.png using Guid(166ee1a541de14030b238510ce729b13) Importer(815301076,1909f56bfc062723c751e8b465ee728b)  -> (artifact id: 'e6ad10852f0628611fce5ead92a5b69f') in 0.005611 seconds
Number of updated asset objects reloaded before import = 0
Number of asset objects unloaded after import = 3
========================================================================
Received Import Request.
  Time since last request: 1.792617 seconds.
  path: Assets/Warped City Assets/Artwork/ENVIRONMENT/props/control-box-2.png
  artifactKey: Guid(d886ba9ea1c0747f48bd6188b513f837) Importer(815301076,1909f56bfc062723c751e8b465ee728b)
Start importing Assets/Warped City Assets/Artwork/ENVIRONMENT/props/control-box-2.png using Guid(d886ba9ea1c0747f48bd6188b513f837) Importer(815301076,1909f56bfc062723c751e8b465ee728b)  -> (artifact id: '0c187b5c8d10304fe2f4f38607b35bc2') in 0.005491 seconds
Number of updated asset objects reloaded before import = 0
Number of asset objects unloaded after import = 3
========================================================================
Received Import Request.
  Time since last request: 1.498519 seconds.
  path: Assets/Warped City Assets/Artwork/ENVIRONMENT/props/control-box-3.png
  artifactKey: Guid(86504eb5fad8043ec87c8b72b000ca2c) Importer(815301076,1909f56bfc062723c751e8b465ee728b)
Start importing Assets/Warped City Assets/Artwork/ENVIRONMENT/props/control-box-3.png using Guid(86504eb5fad8043ec87c8b72b000ca2c) Importer(815301076,1909f56bfc062723c751e8b465ee728b)  -> (artifact id: 'a2c6b0b2fcf67a9d51f3e30e8ac19e70') in 0.004939 seconds
Number of updated asset objects reloaded before import = 0
Number of asset objects unloaded after import = 3
========================================================================
Received Import Request.
  Time since last request: 1.949240 seconds.
  path: Assets/Warped City Assets/Artwork/ENVIRONMENT/props/antenna.png
  artifactKey: Guid(7c2c0a20447e14bd0a4767191ddc7d72) Importer(815301076,1909f56bfc062723c751e8b465ee728b)
Start importing Assets/Warped City Assets/Artwork/ENVIRONMENT/props/antenna.png using Guid(7c2c0a20447e14bd0a4767191ddc7d72) Importer(815301076,1909f56bfc062723c751e8b465ee728b)  -> (artifact id: '013d4ab6c470d4bc5d7411fc38b01242') in 0.007528 seconds
Number of updated asset objects reloaded before import = 0
Number of asset objects unloaded after import = 3
========================================================================
Received Import Request.
  Time since last request: 1.928777 seconds.
  path: Assets/Warped City Assets/Artwork/ENVIRONMENT/props/banner-floor.png
  artifactKey: Guid(09d1aa2af774c4085b9f379c5092bf84) Importer(815301076,1909f56bfc062723c751e8b465ee728b)
Start importing Assets/Warped City Assets/Artwork/ENVIRONMENT/props/banner-floor.png using Guid(09d1aa2af774c4085b9f379c5092bf84) Importer(815301076,1909f56bfc062723c751e8b465ee728b)  -> (artifact id: '7a895e819213a5241fab6ba8b48e2488') in 0.005766 seconds
Number of updated asset objects reloaded before import = 0
Number of asset objects unloaded after import = 3
========================================================================
Received Import Request.
  Time since last request: 0.891451 seconds.
  path: Assets/Warped City Assets/Artwork/ENVIRONMENT/props/banner-open.png
  artifactKey: Guid(a9a2edcef3323439bbd444f77e2c66a6) Importer(815301076,1909f56bfc062723c751e8b465ee728b)
Start importing Assets/Warped City Assets/Artwork/ENVIRONMENT/props/banner-open.png using Guid(a9a2edcef3323439bbd444f77e2c66a6) Importer(815301076,1909f56bfc062723c751e8b465ee728b)  -> (artifact id: '8729b673815e53e327132b91646647f5') in 0.005223 seconds
Number of updated asset objects reloaded before import = 0
Number of asset objects unloaded after import = 3
========================================================================
Received Import Request.
  Time since last request: 1.344935 seconds.
  path: Assets/Warped City Assets/Artwork/ENVIRONMENT/props/banner-small.png
  artifactKey: Guid(9edee812d1564448d9a52b0472611b90) Importer(815301076,1909f56bfc062723c751e8b465ee728b)
Start importing Assets/Warped City Assets/Artwork/ENVIRONMENT/props/banner-small.png using Guid(9edee812d1564448d9a52b0472611b90) Importer(815301076,1909f56bfc062723c751e8b465ee728b)  -> (artifact id: '6b2eded6eea8c81c3e9e2b27226d47eb') in 0.006757 seconds
Number of updated asset objects reloaded before import = 0
Number of asset objects unloaded after import = 3
========================================================================
Received Import Request.
  Time since last request: 0.394855 seconds.
  path: Assets/Warped City Assets/Artwork/ENVIRONMENT/props/banners.png
  artifactKey: Guid(3a52cc9a5ecd14d5aad2ba568f124b04) Importer(815301076,1909f56bfc062723c751e8b465ee728b)
Start importing Assets/Warped City Assets/Artwork/ENVIRONMENT/props/banners.png using Guid(3a52cc9a5ecd14d5aad2ba568f124b04) Importer(815301076,1909f56bfc062723c751e8b465ee728b)  -> (artifact id: '56058f13a5774ce7b12679d2dc3c3649') in 0.006212 seconds
Number of updated asset objects reloaded before import = 0
Number of asset objects unloaded after import = 3
========================================================================
Received Import Request.
  Time since last request: 9.227219 seconds.
  path: Assets/Warped City Assets/Artwork/ENVIRONMENT/tileset.png
  artifactKey: Guid(e08e6a2f34edd4a7db4285eeddef84a8) Importer(815301076,1909f56bfc062723c751e8b465ee728b)
Start importing Assets/Warped City Assets/Artwork/ENVIRONMENT/tileset.png using Guid(e08e6a2f34edd4a7db4285eeddef84a8) Importer(815301076,1909f56bfc062723c751e8b465ee728b)  -> (artifact id: '7ac8176ef1529564fe729ba35a383f6a') in 0.007617 seconds
Number of updated asset objects reloaded before import = 0
Number of asset objects unloaded after import = 3
========================================================================
Received Import Request.
  Time since last request: 109.803835 seconds.
  path: ProjectSettings/TagManager.asset
  artifactKey: Guid(00000000000000003000000000000000) Importer(815301076,1909f56bfc062723c751e8b465ee728b)
Start importing ProjectSettings/TagManager.asset using Guid(00000000000000003000000000000000) Importer(815301076,1909f56bfc062723c751e8b465ee728b)  -> (artifact id: '97ea02f564ba6a276ec032d720829234') in 0.000612 seconds
Number of updated asset objects reloaded before import = 0
Number of asset objects unloaded after import = 0
========================================================================
Received Prepare
Begin MonoManager ReloadAssembly
IOException: Sharing violation on path C:\Users\User\Desktop\2Dproject1\project1\ProjectSettings\Packages\com.unity.testtools.codecoverage\Settings.json
  at System.IO.FileStream..ctor (System.String path, System.IO.FileMode mode, System.IO.FileAccess access, System.IO.FileShare share, System.Int32 bufferSize, System.Boolean anonymous, System.IO.FileOptions options) [0x0019e] in <605bf8b31fcb444b85176da963870aa7>:0 
  at System.IO.FileStream..ctor (System.String path, System.IO.FileMode mode, System.IO.FileAccess access, System.IO.FileShare share, System.Int32 bufferSize, System.IO.FileOptions options) [0x00000] in <605bf8b31fcb444b85176da963870aa7>:0 
  at (wrapper remoting-invoke-with-check) System.IO.FileStream..ctor(string,System.IO.FileMode,System.IO.FileAccess,System.IO.FileShare,int,System.IO.FileOptions)
  at System.IO.StreamWriter..ctor (System.String path, System.Boolean append, System.Text.Encoding encoding, System.Int32 bufferSize) [0x00055] in <605bf8b31fcb444b85176da963870aa7>:0 
  at System.IO.StreamWriter..ctor (System.String path) [0x00008] in <605bf8b31fcb444b85176da963870aa7>:0 
  at (wrapper remoting-invoke-with-check) System.IO.StreamWriter..ctor(string)
  at System.IO.File.WriteAllText (System.String path, System.String contents) [0x00026] in <605bf8b31fcb444b85176da963870aa7>:0 
  at UnityEditor.SettingsManagement.FileSettingsRepository.Save () [0x00117] in .\Library\PackageCache\com.unity.settings-manager@2.0.1\Editor\FileSettingsRepository.cs:154 
  at UnityEditor.AssemblyReloadEvents.OnBeforeAssemblyReload () [0x00017] in <da771086bc2e4cfc9ad0a72e083a7f98>:0 

(Filename: ./Library/PackageCache/com.unity.settings-manager@2.0.1/Editor/FileSettingsRepository.cs Line: 154)

Symbol file LoadedFromMemory doesn't match image C:\Users\User\Desktop\2Dproject1\project1\Library\PackageCache\com.unity.visualscripting@1.8.0\Editor\VisualScripting.Core\Dependencies\YamlDotNet\Unity.VisualScripting.YamlDotNet.dll
Symbol file LoadedFromMemory doesn't match image C:\Users\User\Desktop\2Dproject1\project1\Library\PackageCache\com.unity.visualscripting@1.8.0\Editor\VisualScripting.Core\Dependencies\DotNetZip\Unity.VisualScripting.IonicZip.dll
- Loaded All Assemblies, in  0.488 seconds
Refreshing native plugins compatible for Editor in 0.96 ms, found 3 plugins.
Native extension for WindowsStandalone target not found
[Package Manager] Server::EnsureServerProcessIsRunning -- launch failed, reason: Unity was launched with the -noUpm command-line argument
[Package Manager] UpmClient::Send -- Unable to send message (not connected to UPM process).
[Package Manager] Cannot connect to Unity Package Manager local server
Mono: successfully reloaded assembly
- Finished resetting the current domain, in  0.497 seconds
Domain Reload Profiling: 984ms
	BeginReloadAssembly (115ms)
		ExecutionOrderSort (0ms)
		DisableScriptedObjects (7ms)
		BackupInstance (0ms)
		ReleaseScriptingObjects (0ms)
		CreateAndSetChildDomain (29ms)
	RebuildCommonClasses (27ms)
	RebuildNativeTypeToScriptingClass (8ms)
	initialDomainReloadingComplete (19ms)
	LoadAllAssembliesAndSetupDomain (319ms)
		LoadAssemblies (169ms)
		RebuildTransferFunctionScriptingTraits (0ms)
		AnalyzeDomain (190ms)
			TypeCache.Refresh (185ms)
				TypeCache.ScanAssembly (175ms)
			ScanForSourceGeneratedMonoScriptInfo (2ms)
			ResolveRequiredComponents (3ms)
	FinalizeReload (497ms)
		ReleaseScriptCaches (0ms)
		RebuildScriptCaches (0ms)
		SetupLoadedEditorAssemblies (303ms)
			LogAssemblyErrors (0ms)
			InitializePlatformSupportModulesInManaged (3ms)
			SetLoadedEditorAssemblies (4ms)
			RefreshPlugins (0ms)
			BeforeProcessingInitializeOnLoad (60ms)
			ProcessInitializeOnLoadAttributes (212ms)
			ProcessInitializeOnLoadMethodAttributes (21ms)
			AfterProcessingInitializeOnLoad (2ms)
			EditorAssembliesLoaded (0ms)
		ExecutionOrderSort2 (0ms)
		AwakeInstancesAfterBackupRestoration (4ms)
Refreshing native plugins compatible for Editor in 0.98 ms, found 3 plugins.
Preloading 0 native plugins for Editor in 0.00 ms.
Unloading 3149 Unused Serialized files (Serialized files now loaded: 0)
Unloading 22 unused Assets / (30.6 KB). Loaded Objects now: 3657.
Memory consumption went from 121.0 MB to 121.0 MB.
Total: 2.352900 ms (FindLiveObjects: 0.160200 ms CreateObjectMapping: 0.068800 ms MarkObjects: 2.080300 ms  DeleteObjects: 0.042800 ms)

Prepare: number of updated asset objects reloaded= 0
AssetImportParameters requested are different than current active one (requested -> active):
  custom:container-demuxer-ogg: 62fdf1f143b41e24485cea50d1cbac27 -> 
  custom:video-decoder-ogg-theora: a1e56fd34408186e4bbccfd4996cb3dc -> 
  custom:framework-win-MediaFoundation: 216162199b28c13a410421893ffa2e32 -> 
  custom:CustomObjectIndexerAttribute: 756ad292c208cfabdd7b50bc23989ffe -> 
  custom:container-demuxer-webm: 4f35f7cbe854078d1ac9338744f61a02 -> 
  custom:container-muxer-webm: aa71ff27fc2769a1b78a27578f13a17b -> 
  custom:video-decoder-webm-vp8: 9c59270c3fd7afecdb556c50c9e8de78 -> 
  custom:AudioImporter_EditorPlatform: d09bf68614088b80899f8185d706f6e7 -> 
  custom:video-encoder-webm-vp8: eb34c28f22e8b96e1ab97ce403110664 -> 
  custom:audio-decoder-ogg-vorbis: bf7c407c2cedff20999df2af8eb42d56 -> 
  custom:audio-encoder-webm-vorbis: bf7c407c2cedff20999df2af8eb42d56 -> 
========================================================================
Received Prepare
Begin MonoManager ReloadAssembly
Symbol file LoadedFromMemory doesn't match image C:\Users\User\Desktop\2Dproject1\project1\Library\PackageCache\com.unity.visualscripting@1.8.0\Editor\VisualScripting.Core\Dependencies\YamlDotNet\Unity.VisualScripting.YamlDotNet.dll
Symbol file LoadedFromMemory doesn't match image C:\Users\User\Desktop\2Dproject1\project1\Library\PackageCache\com.unity.visualscripting@1.8.0\Editor\VisualScripting.Core\Dependencies\DotNetZip\Unity.VisualScripting.IonicZip.dll
- Loaded All Assemblies, in  0.474 seconds
Refreshing native plugins compatible for Editor in 1.50 ms, found 3 plugins.
Native extension for WindowsStandalone target not found
[Package Manager] Server::EnsureServerProcessIsRunning -- launch failed, reason: Unity was launched with the -noUpm command-line argument
[Package Manager] UpmClient::Send -- Unable to send message (not connected to UPM process).
[Package Manager] Cannot connect to Unity Package Manager local server
Mono: successfully reloaded assembly
- Finished resetting the current domain, in  0.497 seconds
Domain Reload Profiling: 971ms
	BeginReloadAssembly (108ms)
		ExecutionOrderSort (0ms)
		DisableScriptedObjects (5ms)
		BackupInstance (0ms)
		ReleaseScriptingObjects (0ms)
		CreateAndSetChildDomain (32ms)
	RebuildCommonClasses (22ms)
	RebuildNativeTypeToScriptingClass (8ms)
	initialDomainReloadingComplete (18ms)
	LoadAllAssembliesAndSetupDomain (317ms)
		LoadAssemblies (173ms)
		RebuildTransferFunctionScriptingTraits (0ms)
		AnalyzeDomain (190ms)
			TypeCache.Refresh (183ms)
				TypeCache.ScanAssembly (174ms)
			ScanForSourceGeneratedMonoScriptInfo (2ms)
			ResolveRequiredComponents (4ms)
	FinalizeReload (498ms)
		ReleaseScriptCaches (0ms)
		RebuildScriptCaches (0ms)
		SetupLoadedEditorAssemblies (287ms)
			LogAssemblyErrors (0ms)
			InitializePlatformSupportModulesInManaged (4ms)
			SetLoadedEditorAssemblies (3ms)
			RefreshPlugins (0ms)
			BeforeProcessingInitializeOnLoad (59ms)
			ProcessInitializeOnLoadAttributes (203ms)
			ProcessInitializeOnLoadMethodAttributes (17ms)
			AfterProcessingInitializeOnLoad (2ms)
			EditorAssembliesLoaded (0ms)
		ExecutionOrderSort2 (0ms)
		AwakeInstancesAfterBackupRestoration (5ms)
Refreshing native plugins compatible for Editor in 0.99 ms, found 3 plugins.
Preloading 0 native plugins for Editor in 0.00 ms.
Unloading 3186 Unused Serialized files (Serialized files now loaded: 0)
Unloading 22 unused Assets / (30.7 KB). Loaded Objects now: 3696.
Memory consumption went from 122.0 MB to 122.0 MB.
Total: 2.344100 ms (FindLiveObjects: 0.167200 ms CreateObjectMapping: 0.082000 ms MarkObjects: 2.036500 ms  DeleteObjects: 0.057500 ms)

Prepare: number of updated asset objects reloaded= 0
AssetImportParameters requested are different than current active one (requested -> active):
  custom:container-demuxer-ogg: 62fdf1f143b41e24485cea50d1cbac27 -> 
  custom:video-decoder-ogg-theora: a1e56fd34408186e4bbccfd4996cb3dc -> 
  custom:framework-win-MediaFoundation: 216162199b28c13a410421893ffa2e32 -> 
  custom:CustomObjectIndexerAttribute: 756ad292c208cfabdd7b50bc23989ffe -> 
  custom:container-demuxer-webm: 4f35f7cbe854078d1ac9338744f61a02 -> 
  custom:container-muxer-webm: aa71ff27fc2769a1b78a27578f13a17b -> 
  custom:video-decoder-webm-vp8: 9c59270c3fd7afecdb556c50c9e8de78 -> 
  custom:AudioImporter_EditorPlatform: d09bf68614088b80899f8185d706f6e7 -> 
  custom:video-encoder-webm-vp8: eb34c28f22e8b96e1ab97ce403110664 -> 
  custom:audio-decoder-ogg-vorbis: bf7c407c2cedff20999df2af8eb42d56 -> 
  custom:audio-encoder-webm-vorbis: bf7c407c2cedff20999df2af8eb42d56 -> 
========================================================================
Received Import Request.
  Time since last request: 700.078370 seconds.
  path: Assets/Warped City Assets/Artwork/ENVIRONMENT/tileset.png
  artifactKey: Guid(e08e6a2f34edd4a7db4285eeddef84a8) Importer(815301076,1909f56bfc062723c751e8b465ee728b)
Start importing Assets/Warped City Assets/Artwork/ENVIRONMENT/tileset.png using Guid(e08e6a2f34edd4a7db4285eeddef84a8) Importer(815301076,1909f56bfc062723c751e8b465ee728b)  -> (artifact id: '5909ab0b4affb0b10e5218fe68d1cb3b') in 0.036434 seconds
Number of updated asset objects reloaded before import = 0
Number of asset objects unloaded after import = 3
========================================================================
Received Import Request.
  Time since last request: 837.097447 seconds.
  path: Assets/Warped City Assets/Artwork/ENVIRONMENT/tileset.png
  artifactKey: Guid(e08e6a2f34edd4a7db4285eeddef84a8) Importer(815301076,1909f56bfc062723c751e8b465ee728b)
Start importing Assets/Warped City Assets/Artwork/ENVIRONMENT/tileset.png using Guid(e08e6a2f34edd4a7db4285eeddef84a8) Importer(815301076,1909f56bfc062723c751e8b465ee728b)  -> (artifact id: '1407fe2ddc44a9fe8c7f24aead3dc250') in 0.016431 seconds
Number of updated asset objects reloaded before import = 0
Number of asset objects unloaded after import = 3
========================================================================
Received Import Request.
  Time since last request: 97.904812 seconds.
  path: Assets/Warped City Assets/Artwork/ENVIRONMENT/tileset.png
  artifactKey: Guid(e08e6a2f34edd4a7db4285eeddef84a8) Importer(815301076,1909f56bfc062723c751e8b465ee728b)
Start importing Assets/Warped City Assets/Artwork/ENVIRONMENT/tileset.png using Guid(e08e6a2f34edd4a7db4285eeddef84a8) Importer(815301076,1909f56bfc062723c751e8b465ee728b)  -> (artifact id: '911e6984ef8d137b4b377e596470a2b1') in 0.019092 seconds
Number of updated asset objects reloaded before import = 0
Number of asset objects unloaded after import = 2
========================================================================
Received Import Request.
  Time since last request: 40.242259 seconds.
  path: Assets/Warped City Assets/Artwork/ENVIRONMENT/tileset.png
  artifactKey: Guid(e08e6a2f34edd4a7db4285eeddef84a8) Importer(815301076,1909f56bfc062723c751e8b465ee728b)
Start importing Assets/Warped City Assets/Artwork/ENVIRONMENT/tileset.png using Guid(e08e6a2f34edd4a7db4285eeddef84a8) Importer(815301076,1909f56bfc062723c751e8b465ee728b)  -> (artifact id: '9a27eb8caffd7d4afacae774dab946a9') in 0.013094 seconds
Number of updated asset objects reloaded before import = 0
Number of asset objects unloaded after import = 3
========================================================================
Received Import Request.
  Time since last request: 62.844561 seconds.
  path: Assets/Warped City Assets/Artwork/ENVIRONMENT/tileset.png
  artifactKey: Guid(e08e6a2f34edd4a7db4285eeddef84a8) Importer(815301076,1909f56bfc062723c751e8b465ee728b)
Start importing Assets/Warped City Assets/Artwork/ENVIRONMENT/tileset.png using Guid(e08e6a2f34edd4a7db4285eeddef84a8) Importer(815301076,1909f56bfc062723c751e8b465ee728b)  -> (artifact id: 'c92cff3bfda29cf913a64c923637999c') in 0.015815 seconds
Number of updated asset objects reloaded before import = 0
Number of asset objects unloaded after import = 3
========================================================================
Received Import Request.
  Time since last request: 89.431482 seconds.
  path: Assets/Warped City Assets/Artwork/ENVIRONMENT/tileset.png
  artifactKey: Guid(e08e6a2f34edd4a7db4285eeddef84a8) Importer(815301076,1909f56bfc062723c751e8b465ee728b)
Start importing Assets/Warped City Assets/Artwork/ENVIRONMENT/tileset.png using Guid(e08e6a2f34edd4a7db4285eeddef84a8) Importer(815301076,1909f56bfc062723c751e8b465ee728b)  -> (artifact id: '8b880f33e8c289e762176564ad86088e') in 0.013759 seconds
Number of updated asset objects reloaded before import = 0
Number of asset objects unloaded after import = 3
========================================================================
Received Import Request.
  Time since last request: 162.378725 seconds.
  path: Assets/Warped City Assets/Artwork/ENVIRONMENT/tileset.png
  artifactKey: Guid(e08e6a2f34edd4a7db4285eeddef84a8) Importer(815301076,1909f56bfc062723c751e8b465ee728b)
Start importing Assets/Warped City Assets/Artwork/ENVIRONMENT/tileset.png using Guid(e08e6a2f34edd4a7db4285eeddef84a8) Importer(815301076,1909f56bfc062723c751e8b465ee728b)  -> (artifact id: '2af97554ac655db2b6c561d0c8424a79') in 0.003342 seconds
Number of updated asset objects reloaded before import = 0
Number of asset objects unloaded after import = 2
========================================================================
Received Import Request.
  Time since last request: 38.155179 seconds.
  path: Assets/Warped City Assets/Artwork/ENVIRONMENT/tileset.png
  artifactKey: Guid(e08e6a2f34edd4a7db4285eeddef84a8) Importer(815301076,1909f56bfc062723c751e8b465ee728b)
Start importing Assets/Warped City Assets/Artwork/ENVIRONMENT/tileset.png using Guid(e08e6a2f34edd4a7db4285eeddef84a8) Importer(815301076,1909f56bfc062723c751e8b465ee728b)  -> (artifact id: '516ec5def6a31673bbbe39726777d2fd') in 0.119838 seconds
Number of updated asset objects reloaded before import = 0
Number of asset objects unloaded after import = 109
========================================================================
Received Import Request.
  Time since last request: 64.321150 seconds.
  path: Assets/Warped City Assets/Artwork/ENVIRONMENT/props
  artifactKey: Guid(b54c8a11f7dfc49c4b4a393c9bc860db) Importer(815301076,1909f56bfc062723c751e8b465ee728b)
Start importing Assets/Warped City Assets/Artwork/ENVIRONMENT/props using Guid(b54c8a11f7dfc49c4b4a393c9bc860db) Importer(815301076,1909f56bfc062723c751e8b465ee728b)  -> (artifact id: '1c1de3b8816b858e8c6f12d7eb4bd652') in 0.000387 seconds
Number of updated asset objects reloaded before import = 0
Number of asset objects unloaded after import = 0
========================================================================
Received Import Request.
  Time since last request: 0.476756 seconds.
  path: Assets/Warped City Assets/Artwork/ENVIRONMENT/Ground
  artifactKey: Guid(2958b7e1b7e9eff42af9c88bb4349ee9) Importer(815301076,1909f56bfc062723c751e8b465ee728b)
Start importing Assets/Warped City Assets/Artwork/ENVIRONMENT/Ground using Guid(2958b7e1b7e9eff42af9c88bb4349ee9) Importer(815301076,1909f56bfc062723c751e8b465ee728b)  -> (artifact id: '7437927e214ef6b3ee24b263702cdddd') in 0.000341 seconds
Number of updated asset objects reloaded before import = 0
Number of asset objects unloaded after import = 0
========================================================================
Received Import Request.
  Time since last request: 2540.678730 seconds.
  path: Assets/Warped City Assets/Artwork/ENVIRONMENT/props/antenna.png
  artifactKey: Guid(7c2c0a20447e14bd0a4767191ddc7d72) Importer(815301076,1909f56bfc062723c751e8b465ee728b)
Start importing Assets/Warped City Assets/Artwork/ENVIRONMENT/props/antenna.png using Guid(7c2c0a20447e14bd0a4767191ddc7d72) Importer(815301076,1909f56bfc062723c751e8b465ee728b)  -> (artifact id: '65d97b0d31c7651f4e2182ff102683d2') in 0.012279 seconds
Number of updated asset objects reloaded before import = 0
Number of asset objects unloaded after import = 2
========================================================================
Received Import Request.
  Time since last request: 1.246705 seconds.
  path: Assets/Warped City Assets/Artwork/ENVIRONMENT/props/monitorface
  artifactKey: Guid(be2f43f50c53e42cc922cfcf17eacaba) Importer(815301076,1909f56bfc062723c751e8b465ee728b)
Start importing Assets/Warped City Assets/Artwork/ENVIRONMENT/props/monitorface using Guid(be2f43f50c53e42cc922cfcf17eacaba) Importer(815301076,1909f56bfc062723c751e8b465ee728b)  -> (artifact id: 'aede09de8d4461c67df86f0443dcac0f') in 0.000435 seconds
Number of updated asset objects reloaded before import = 0
Number of asset objects unloaded after import = 0
========================================================================
Received Import Request.
  Time since last request: 0.515375 seconds.
  path: Assets/Warped City Assets/Artwork/ENVIRONMENT/props/banner-sushi
  artifactKey: Guid(b6af04e317b15485c934162fc6c91365) Importer(815301076,1909f56bfc062723c751e8b465ee728b)
Start importing Assets/Warped City Assets/Artwork/ENVIRONMENT/props/banner-sushi using Guid(b6af04e317b15485c934162fc6c91365) Importer(815301076,1909f56bfc062723c751e8b465ee728b)  -> (artifact id: '95fdc1b088cdf76063aa659f3494b214') in 0.000348 seconds
Number of updated asset objects reloaded before import = 0
Number of asset objects unloaded after import = 0
========================================================================
Received Import Request.
  Time since last request: 1.332404 seconds.
  path: Assets/Warped City Assets/Artwork/ENVIRONMENT/props/banner-sushi/banner-sushi-1.png
  artifactKey: Guid(fe6890c81e672497f963f4b292a7050a) Importer(815301076,1909f56bfc062723c751e8b465ee728b)
Start importing Assets/Warped City Assets/Artwork/ENVIRONMENT/props/banner-sushi/banner-sushi-1.png using Guid(fe6890c81e672497f963f4b292a7050a) Importer(815301076,1909f56bfc062723c751e8b465ee728b)  -> (artifact id: '582384c614282ca79a6c2307de08b614') in 0.006024 seconds
Number of updated asset objects reloaded before import = 0
Number of asset objects unloaded after import = 3
========================================================================
Received Import Request.
  Time since last request: 0.454610 seconds.
  path: Assets/Warped City Assets/Artwork/ENVIRONMENT/props/banner-sushi/banner-sushi-2.png
  artifactKey: Guid(ea1214dcca59c4b5aa083ef4f735407c) Importer(815301076,1909f56bfc062723c751e8b465ee728b)
Start importing Assets/Warped City Assets/Artwork/ENVIRONMENT/props/banner-sushi/banner-sushi-2.png using Guid(ea1214dcca59c4b5aa083ef4f735407c) Importer(815301076,1909f56bfc062723c751e8b465ee728b)  -> (artifact id: '5e7767e5a598f13dcbaed6e8b1d44691') in 0.005263 seconds
Number of updated asset objects reloaded before import = 0
Number of asset objects unloaded after import = 3
========================================================================
Received Import Request.
  Time since last request: 1.964836 seconds.
  path: Assets/Warped City Assets/Artwork/ENVIRONMENT/props/banner-sushi/banner-sushi-3.png
  artifactKey: Guid(40ff3ff28c63f46e2bc32f70a58a4401) Importer(815301076,1909f56bfc062723c751e8b465ee728b)
Start importing Assets/Warped City Assets/Artwork/ENVIRONMENT/props/banner-sushi/banner-sushi-3.png using Guid(40ff3ff28c63f46e2bc32f70a58a4401) Importer(815301076,1909f56bfc062723c751e8b465ee728b)  -> (artifact id: 'f703cd8b524010d3414802725b4cde0c') in 0.008410 seconds
Number of updated asset objects reloaded before import = 0
Number of asset objects unloaded after import = 3
========================================================================
Received Import Request.
  Time since last request: 15.829395 seconds.
  path: Assets/Warped City Assets/Artwork/ENVIRONMENT/props/hotel-sign.png
  artifactKey: Guid(70fcf1bcc07324fbd9403a07682a2f88) Importer(815301076,1909f56bfc062723c751e8b465ee728b)
Start importing Assets/Warped City Assets/Artwork/ENVIRONMENT/props/hotel-sign.png using Guid(70fcf1bcc07324fbd9403a07682a2f88) Importer(815301076,1909f56bfc062723c751e8b465ee728b)  -> (artifact id: '3155b2003ff603f3c858a58bb1530084') in 0.007037 seconds
Number of updated asset objects reloaded before import = 0
Number of asset objects unloaded after import = 3
========================================================================
Received Import Request.
  Time since last request: 4.688267 seconds.
  path: Assets/Warped City Assets/Artwork/ENVIRONMENT/props/control-box-2.png
  artifactKey: Guid(d886ba9ea1c0747f48bd6188b513f837) Importer(815301076,1909f56bfc062723c751e8b465ee728b)
Start importing Assets/Warped City Assets/Artwork/ENVIRONMENT/props/control-box-2.png using Guid(d886ba9ea1c0747f48bd6188b513f837) Importer(815301076,1909f56bfc062723c751e8b465ee728b)  -> (artifact id: 'cde9781b34a0e04359b54556adec7d20') in 0.017165 seconds
Number of updated asset objects reloaded before import = 0
Number of asset objects unloaded after import = 3
========================================================================
Received Import Request.
  Time since last request: 2.691847 seconds.
  path: Assets/Warped City Assets/Artwork/ENVIRONMENT/props/control-box-2.png
  artifactKey: Guid(d886ba9ea1c0747f48bd6188b513f837) Importer(815301076,1909f56bfc062723c751e8b465ee728b)
Start importing Assets/Warped City Assets/Artwork/ENVIRONMENT/props/control-box-2.png using Guid(d886ba9ea1c0747f48bd6188b513f837) Importer(815301076,1909f56bfc062723c751e8b465ee728b)  -> (artifact id: '186168ed656d97287690ce2987ebf5cd') in 0.004102 seconds
Number of updated asset objects reloaded before import = 0
Number of asset objects unloaded after import = 2
========================================================================
Received Import Request.
  Time since last request: 29.998533 seconds.
  path: Assets/Warped City Assets/Artwork/ENVIRONMENT/props/antenna.png
  artifactKey: Guid(7c2c0a20447e14bd0a4767191ddc7d72) Importer(815301076,1909f56bfc062723c751e8b465ee728b)
Start importing Assets/Warped City Assets/Artwork/ENVIRONMENT/props/antenna.png using Guid(7c2c0a20447e14bd0a4767191ddc7d72) Importer(815301076,1909f56bfc062723c751e8b465ee728b)  -> (artifact id: '088d807b2e6015bc7e00d7ba9645886c') in 0.007689 seconds
Number of updated asset objects reloaded before import = 0
Number of asset objects unloaded after import = 3
========================================================================
Received Import Request.
  Time since last request: 120.591813 seconds.
  path: Assets/Warped City Assets/Artwork/ENVIRONMENT/props/banner-side
  artifactKey: Guid(46ce0a85ec9c0418f82fa06d2141c1b8) Importer(815301076,1909f56bfc062723c751e8b465ee728b)
Start importing Assets/Warped City Assets/Artwork/ENVIRONMENT/props/banner-side using Guid(46ce0a85ec9c0418f82fa06d2141c1b8) Importer(815301076,1909f56bfc062723c751e8b465ee728b)  -> (artifact id: '24cf16d59ea41f5733063b02fd5dbd01') in 0.000402 seconds
Number of updated asset objects reloaded before import = 0
Number of asset objects unloaded after import = 0
========================================================================
Received Import Request.
  Time since last request: 0.868525 seconds.
  path: Assets/Warped City Assets/Artwork/ENVIRONMENT/props/banner-arrow.png
  artifactKey: Guid(f87454e6f046e4340b8ae4c03ebfa016) Importer(815301076,1909f56bfc062723c751e8b465ee728b)
Start importing Assets/Warped City Assets/Artwork/ENVIRONMENT/props/banner-arrow.png using Guid(f87454e6f046e4340b8ae4c03ebfa016) Importer(815301076,1909f56bfc062723c751e8b465ee728b)  -> (artifact id: 'ecc064186ccebb7a192d3fb3b775499c') in 0.006427 seconds
Number of updated asset objects reloaded before import = 0
Number of asset objects unloaded after import = 3
========================================================================
Received Import Request.
  Time since last request: 520.544248 seconds.
  path: Assets/Warped City Assets/Artwork/SPRITES/misc/turret/turret-1.png
  artifactKey: Guid(7880821ae0e694ff185fd812fdbe7efd) Importer(815301076,1909f56bfc062723c751e8b465ee728b)
Start importing Assets/Warped City Assets/Artwork/SPRITES/misc/turret/turret-1.png using Guid(7880821ae0e694ff185fd812fdbe7efd) Importer(815301076,1909f56bfc062723c751e8b465ee728b)  -> (artifact id: '233d56b0bce92e19f71643ed6e9b9599') in 0.007748 seconds
Number of updated asset objects reloaded before import = 0
Number of asset objects unloaded after import = 3
========================================================================
Received Import Request.
  Time since last request: 0.000035 seconds.
  path: Assets/Warped City Assets/Artwork/SPRITES/misc/turret/turret-3.png
  artifactKey: Guid(466175ec6a63a4521b7b6e316d3a83d8) Importer(815301076,1909f56bfc062723c751e8b465ee728b)
Start importing Assets/Warped City Assets/Artwork/SPRITES/misc/turret/turret-3.png using Guid(466175ec6a63a4521b7b6e316d3a83d8) Importer(815301076,1909f56bfc062723c751e8b465ee728b)  -> (artifact id: 'f41e7e0bb57b1bfa564c3d5d2dfb9486') in 0.009139 seconds
Number of updated asset objects reloaded before import = 0
Number of asset objects unloaded after import = 3
========================================================================
Received Import Request.
  Time since last request: 0.000013 seconds.
  path: Assets/Warped City Assets/Artwork/SPRITES/misc/turret/turret-4.png
  artifactKey: Guid(8cf2a4671b41242b68079af4326777e8) Importer(815301076,1909f56bfc062723c751e8b465ee728b)
Start importing Assets/Warped City Assets/Artwork/SPRITES/misc/turret/turret-4.png using Guid(8cf2a4671b41242b68079af4326777e8) Importer(815301076,1909f56bfc062723c751e8b465ee728b)  -> (artifact id: 'b5f37c1c712d007e57e37ebf2504ae6b') in 0.013648 seconds
Number of updated asset objects reloaded before import = 0
Number of asset objects unloaded after import = 3
========================================================================
Received Import Request.
  Time since last request: 0.000131 seconds.
  path: Assets/Warped City Assets/Artwork/SPRITES/player/walk/walk-13.png
  artifactKey: Guid(9f8f90a8000b44874b11790a55dff527) Importer(815301076,1909f56bfc062723c751e8b465ee728b)
Start importing Assets/Warped City Assets/Artwork/SPRITES/player/walk/walk-13.png using Guid(9f8f90a8000b44874b11790a55dff527) Importer(815301076,1909f56bfc062723c751e8b465ee728b)  -> (artifact id: '1d8d7e3e7e013eec45c17c18de4e8bfa') in 0.024874 seconds
Number of updated asset objects reloaded before import = 0
Number of asset objects unloaded after import = 3
========================================================================
Received Import Request.
  Time since last request: 0.000013 seconds.
  path: Assets/Warped City Assets/Artwork/SPRITES/player/walk/walk-15.png
  artifactKey: Guid(861b27c59e5af4b2b8061be67c789fc5) Importer(815301076,1909f56bfc062723c751e8b465ee728b)
Start importing Assets/Warped City Assets/Artwork/SPRITES/player/walk/walk-15.png using Guid(861b27c59e5af4b2b8061be67c789fc5) Importer(815301076,1909f56bfc062723c751e8b465ee728b)  -> (artifact id: 'aa0883d4e0f46677d38361ba4f5c4d37') in 0.010916 seconds
Number of updated asset objects reloaded before import = 0
Number of asset objects unloaded after import = 3
========================================================================
Received Import Request.
  Time since last request: 0.000016 seconds.
  path: Assets/Warped City Assets/Artwork/SPRITES/player/walk/walk-4.png
  artifactKey: Guid(01f892ed67e5346c6907feef765643c8) Importer(815301076,1909f56bfc062723c751e8b465ee728b)
Start importing Assets/Warped City Assets/Artwork/SPRITES/player/walk/walk-4.png using Guid(01f892ed67e5346c6907feef765643c8) Importer(815301076,1909f56bfc062723c751e8b465ee728b)  -> (artifact id: '90b9ea20f5b4e08e962eaa91dcbfa07c') in 0.015477 seconds
Number of updated asset objects reloaded before import = 0
Number of asset objects unloaded after import = 3
========================================================================
Received Import Request.
  Time since last request: 0.000017 seconds.
  path: Assets/Warped City Assets/Artwork/SPRITES/vehicles/v-red.png
  artifactKey: Guid(113cf788bf3b34f92a427972d3958986) Importer(815301076,1909f56bfc062723c751e8b465ee728b)
Start importing Assets/Warped City Assets/Artwork/SPRITES/vehicles/v-red.png using Guid(113cf788bf3b34f92a427972d3958986) Importer(815301076,1909f56bfc062723c751e8b465ee728b)  -> (artifact id: 'cbe61bb79689a5a970a1ce238bae17c3') in 0.055295 seconds
Number of updated asset objects reloaded before import = 0
Number of asset objects unloaded after import = 3
========================================================================
Received Import Request.
  Time since last request: 0.000016 seconds.
  path: Assets/Warped City Assets/Artwork/SPRITES/vehicles/v-yellow.png
  artifactKey: Guid(7da37e84137ad4a2c8c204284c5dc000) Importer(815301076,1909f56bfc062723c751e8b465ee728b)
Start importing Assets/Warped City Assets/Artwork/SPRITES/vehicles/v-yellow.png using Guid(7da37e84137ad4a2c8c204284c5dc000) Importer(815301076,1909f56bfc062723c751e8b465ee728b)  -> (artifact id: '092e46469d601e32fefb782ed475ed4d') in 0.016516 seconds
Number of updated asset objects reloaded before import = 0
Number of asset objects unloaded after import = 3
========================================================================
Received Import Request.
  Time since last request: 0.000014 seconds.
  path: Assets/Warped City Assets/Artwork/SPRITES/player/walk/walk-9.png
  artifactKey: Guid(f35d61bf5d4374a2eb60545b792fc5d5) Importer(815301076,1909f56bfc062723c751e8b465ee728b)
Start importing Assets/Warped City Assets/Artwork/SPRITES/player/walk/walk-9.png using Guid(f35d61bf5d4374a2eb60545b792fc5d5) Importer(815301076,1909f56bfc062723c751e8b465ee728b)  -> (artifact id: '2157e930effc465c720119057fe5194c') in 0.010233 seconds
Number of updated asset objects reloaded before import = 0
Number of asset objects unloaded after import = 3
========================================================================
Received Import Request.
  Time since last request: 0.000016 seconds.
  path: Assets/Warped City Assets/Artwork/SPRITES/player/walk/walk-8.png
  artifactKey: Guid(f917c5542bb104d5780fbc45183879cb) Importer(815301076,1909f56bfc062723c751e8b465ee728b)
Start importing Assets/Warped City Assets/Artwork/SPRITES/player/walk/walk-8.png using Guid(f917c5542bb104d5780fbc45183879cb) Importer(815301076,1909f56bfc062723c751e8b465ee728b)  -> (artifact id: '0eb8c5dd2d481639b3c9ec648ea39366') in 0.005379 seconds
Number of updated asset objects reloaded before import = 0
Number of asset objects unloaded after import = 3
========================================================================
Received Import Request.
  Time since last request: 0.000014 seconds.
  path: Assets/Warped City Assets/Artwork/SPRITES/player/walk/walk-2.png
  artifactKey: Guid(39cd37b504ee049f6be16449707d93f7) Importer(815301076,1909f56bfc062723c751e8b465ee728b)
Start importing Assets/Warped City Assets/Artwork/SPRITES/player/walk/walk-2.png using Guid(39cd37b504ee049f6be16449707d93f7) Importer(815301076,1909f56bfc062723c751e8b465ee728b)  -> (artifact id: '51fd4437c309dad05d0ac9a2d9f2bb35') in 0.004829 seconds
Number of updated asset objects reloaded before import = 0
Number of asset objects unloaded after import = 3
========================================================================
Received Import Request.
  Time since last request: 0.000016 seconds.
  path: Assets/Warped City Assets/Artwork/SPRITES/misc/turret/turret-6.png
  artifactKey: Guid(7d2f186d51f4b488d813112ca0e3ccb1) Importer(815301076,1909f56bfc062723c751e8b465ee728b)
Start importing Assets/Warped City Assets/Artwork/SPRITES/misc/turret/turret-6.png using Guid(7d2f186d51f4b488d813112ca0e3ccb1) Importer(815301076,1909f56bfc062723c751e8b465ee728b)  -> (artifact id: 'c2e8b6185726ad259dfab64b7c839832') in 0.005123 seconds
Number of updated asset objects reloaded before import = 0
Number of asset objects unloaded after import = 3
========================================================================
Received Import Request.
  Time since last request: 0.000011 seconds.
  path: Assets/Warped City Assets/Artwork/SPRITES/player/walk/walk-1.png
  artifactKey: Guid(f7ab50a8333a04732a74c0a65031df73) Importer(815301076,1909f56bfc062723c751e8b465ee728b)
Start importing Assets/Warped City Assets/Artwork/SPRITES/player/walk/walk-1.png using Guid(f7ab50a8333a04732a74c0a65031df73) Importer(815301076,1909f56bfc062723c751e8b465ee728b)  -> (artifact id: 'f8b360d91f27586687bd8a45d0977990') in 0.005102 seconds
Number of updated asset objects reloaded before import = 0
Number of asset objects unloaded after import = 3
========================================================================
Received Import Request.
  Time since last request: 0.000020 seconds.
  path: Assets/Warped City Assets/Artwork/SPRITES/player/walk/walk-5.png
  artifactKey: Guid(bd873a4c61f554f0fbc87f5cc361e995) Importer(815301076,1909f56bfc062723c751e8b465ee728b)
Start importing Assets/Warped City Assets/Artwork/SPRITES/player/walk/walk-5.png using Guid(bd873a4c61f554f0fbc87f5cc361e995) Importer(815301076,1909f56bfc062723c751e8b465ee728b)  -> (artifact id: 'd0bba9ffe370ba1b8b14a56ff2ea901c') in 0.005803 seconds
Number of updated asset objects reloaded before import = 0
Number of asset objects unloaded after import = 3
========================================================================
Received Import Request.
  Time since last request: 0.000019 seconds.
  path: Assets/Warped City Assets/Artwork/SPRITES/player/walk/walk-7.png
  artifactKey: Guid(b51efce512fdf4335ba884f5199d13ba) Importer(815301076,1909f56bfc062723c751e8b465ee728b)
Start importing Assets/Warped City Assets/Artwork/SPRITES/player/walk/walk-7.png using Guid(b51efce512fdf4335ba884f5199d13ba) Importer(815301076,1909f56bfc062723c751e8b465ee728b)  -> (artifact id: '99c84c63fcfcd062b82266e27cca5faa') in 0.003892 seconds
Number of updated asset objects reloaded before import = 0
Number of asset objects unloaded after import = 3
========================================================================
Received Import Request.
  Time since last request: 1.344496 seconds.
  path: Assets/Warped City Assets/Artwork/SPRITES/player/run-shoot/run-shoot-1.png
  artifactKey: Guid(a755feae5f4304f5484b70667a0dee63) Importer(815301076,1909f56bfc062723c751e8b465ee728b)
Start importing Assets/Warped City Assets/Artwork/SPRITES/player/run-shoot/run-shoot-1.png using Guid(a755feae5f4304f5484b70667a0dee63) Importer(815301076,1909f56bfc062723c751e8b465ee728b)  -> (artifact id: 'ed7417b0b37fd6246dce87d6ce0ffaa1') in 0.006703 seconds
Number of updated asset objects reloaded before import = 0
Number of asset objects unloaded after import = 3
========================================================================
Received Import Request.
  Time since last request: 0.000010 seconds.
  path: Assets/Warped City Assets/Artwork/SPRITES/player/run-shoot/run-shoot-8.png
  artifactKey: Guid(11e575858fa694df28649c7c2f49f3a3) Importer(815301076,1909f56bfc062723c751e8b465ee728b)
Start importing Assets/Warped City Assets/Artwork/SPRITES/player/run-shoot/run-shoot-8.png using Guid(11e575858fa694df28649c7c2f49f3a3) Importer(815301076,1909f56bfc062723c751e8b465ee728b)  -> (artifact id: '5e1b1763f4eb80b6884d998fc4638eaf') in 0.005671 seconds
Number of updated asset objects reloaded before import = 0
Number of asset objects unloaded after import = 3
========================================================================
Received Import Request.
  Time since last request: 0.000011 seconds.
  path: Assets/Warped City Assets/Artwork/SPRITES/player/run-shoot/run-shoot-5.png
  artifactKey: Guid(0a77a1f75e93346048642197c40281ca) Importer(815301076,1909f56bfc062723c751e8b465ee728b)
Start importing Assets/Warped City Assets/Artwork/SPRITES/player/run-shoot/run-shoot-5.png using Guid(0a77a1f75e93346048642197c40281ca) Importer(815301076,1909f56bfc062723c751e8b465ee728b)  -> (artifact id: '409eebe51e6f175a62c5f17ba5af848e') in 0.005024 seconds
Number of updated asset objects reloaded before import = 0
Number of asset objects unloaded after import = 3
========================================================================
Received Import Request.
  Time since last request: 0.000012 seconds.
  path: Assets/Warped City Assets/Artwork/SPRITES/misc/shot/shot-2.png
  artifactKey: Guid(459f16e72cf7847d0b60fed8fd249a54) Importer(815301076,1909f56bfc062723c751e8b465ee728b)
Start importing Assets/Warped City Assets/Artwork/SPRITES/misc/shot/shot-2.png using Guid(459f16e72cf7847d0b60fed8fd249a54) Importer(815301076,1909f56bfc062723c751e8b465ee728b)  -> (artifact id: 'fd0799bce68db4aa86587e33f1a11aba') in 0.004867 seconds
Number of updated asset objects reloaded before import = 0
Number of asset objects unloaded after import = 3
========================================================================
Received Import Request.
  Time since last request: 0.000026 seconds.
  path: Assets/Warped City Assets/Artwork/SPRITES/player/run-shoot/run-shoot-6.png
  artifactKey: Guid(52c7854c96eaf4c4097cd3fc52d1acd6) Importer(815301076,1909f56bfc062723c751e8b465ee728b)
Start importing Assets/Warped City Assets/Artwork/SPRITES/player/run-shoot/run-shoot-6.png using Guid(52c7854c96eaf4c4097cd3fc52d1acd6) Importer(815301076,1909f56bfc062723c751e8b465ee728b)  -> (artifact id: 'f7759746d66c4bda8280661a610cdd83') in 0.005382 seconds
Number of updated asset objects reloaded before import = 0
Number of asset objects unloaded after import = 3
========================================================================
Received Import Request.
  Time since last request: 0.000011 seconds.
  path: Assets/Warped City Assets/Artwork/SPRITES/player/shoot/shoot.png
  artifactKey: Guid(7af27b8ca52db4b94baaebcdc7e0ef99) Importer(815301076,1909f56bfc062723c751e8b465ee728b)
Start importing Assets/Warped City Assets/Artwork/SPRITES/player/shoot/shoot.png using Guid(7af27b8ca52db4b94baaebcdc7e0ef99) Importer(815301076,1909f56bfc062723c751e8b465ee728b)  -> (artifact id: '57a8c6524e20df328607e47b3ec6e47c') in 0.004904 seconds
Number of updated asset objects reloaded before import = 0
Number of asset objects unloaded after import = 3
========================================================================
Received Import Request.
  Time since last request: 0.000027 seconds.
  path: Assets/Warped City Assets/Artwork/SPRITES/misc/shot/shot-1.png
  artifactKey: Guid(469f84998bda44331b9ac0072ec475ce) Importer(815301076,1909f56bfc062723c751e8b465ee728b)
Start importing Assets/Warped City Assets/Artwork/SPRITES/misc/shot/shot-1.png using Guid(469f84998bda44331b9ac0072ec475ce) Importer(815301076,1909f56bfc062723c751e8b465ee728b)  -> (artifact id: 'e0dc8bc4a188cb2b27de58c4b3170114') in 0.005418 seconds
Number of updated asset objects reloaded before import = 0
Number of asset objects unloaded after import = 3
========================================================================
Received Import Request.
  Time since last request: 0.007171 seconds.
  path: Assets/Warped City Assets/Artwork/SPRITES/player/jump/jump-2.png
  artifactKey: Guid(665c40316675647449fdde10e30698d1) Importer(815301076,1909f56bfc062723c751e8b465ee728b)
Start importing Assets/Warped City Assets/Artwork/SPRITES/player/jump/jump-2.png using Guid(665c40316675647449fdde10e30698d1) Importer(815301076,1909f56bfc062723c751e8b465ee728b)  -> (artifact id: '89198e4bb031a6d6e74e9675e2a39d67') in 0.004659 seconds
Number of updated asset objects reloaded before import = 0
Number of asset objects unloaded after import = 3
========================================================================
Received Import Request.
  Time since last request: 0.000011 seconds.
  path: Assets/Warped City Assets/Artwork/SPRITES/player/run/run-4.png
  artifactKey: Guid(3a94caeb06e2049a0bcc696ac4715ed8) Importer(815301076,1909f56bfc062723c751e8b465ee728b)
Start importing Assets/Warped City Assets/Artwork/SPRITES/player/run/run-4.png using Guid(3a94caeb06e2049a0bcc696ac4715ed8) Importer(815301076,1909f56bfc062723c751e8b465ee728b)  -> (artifact id: '37ed1e34246c70d72928ac0f707fa2ad') in 0.004338 seconds
Number of updated asset objects reloaded before import = 0
Number of asset objects unloaded after import = 3
========================================================================
Received Import Request.
  Time since last request: 0.000013 seconds.
  path: Assets/Warped City Assets/Artwork/SPRITES/player/jump/jump-4.png
  artifactKey: Guid(e5169b822b3bc4ee4989145e2000068a) Importer(815301076,1909f56bfc062723c751e8b465ee728b)
Start importing Assets/Warped City Assets/Artwork/SPRITES/player/jump/jump-4.png using Guid(e5169b822b3bc4ee4989145e2000068a) Importer(815301076,1909f56bfc062723c751e8b465ee728b)  -> (artifact id: '65b773450ec776339b40abcfdfd80726') in 0.004702 seconds
Number of updated asset objects reloaded before import = 0
Number of asset objects unloaded after import = 3
========================================================================
Received Import Request.
  Time since last request: 0.000013 seconds.
  path: Assets/Warped City Assets/Artwork/SPRITES/player/run/run-8.png
  artifactKey: Guid(14df0b26474d0497f88592b611ff88ea) Importer(815301076,1909f56bfc062723c751e8b465ee728b)
Start importing Assets/Warped City Assets/Artwork/SPRITES/player/run/run-8.png using Guid(14df0b26474d0497f88592b611ff88ea) Importer(815301076,1909f56bfc062723c751e8b465ee728b)  -> (artifact id: '040b9a292584a911ad42fb312251e570') in 0.004466 seconds
Number of updated asset objects reloaded before import = 0
Number of asset objects unloaded after import = 3
========================================================================
Received Import Request.
  Time since last request: 0.000010 seconds.
  path: Assets/Warped City Assets/Artwork/SPRITES/player/run/run-5.png
  artifactKey: Guid(f6e95bd7637be45a5bac44f2183b543c) Importer(815301076,1909f56bfc062723c751e8b465ee728b)
Start importing Assets/Warped City Assets/Artwork/SPRITES/player/run/run-5.png using Guid(f6e95bd7637be45a5bac44f2183b543c) Importer(815301076,1909f56bfc062723c751e8b465ee728b)  -> (artifact id: '735b07ec7da12672345bd3363f5ba665') in 0.004272 seconds
Number of updated asset objects reloaded before import = 0
Number of asset objects unloaded after import = 3
========================================================================
Received Import Request.
  Time since last request: 0.000012 seconds.
  path: Assets/Warped City Assets/Artwork/SPRITES/player/run/run-3.png
  artifactKey: Guid(0dcbb2f293c524e769763a40524e59d1) Importer(815301076,1909f56bfc062723c751e8b465ee728b)
Start importing Assets/Warped City Assets/Artwork/SPRITES/player/run/run-3.png using Guid(0dcbb2f293c524e769763a40524e59d1) Importer(815301076,1909f56bfc062723c751e8b465ee728b)  -> (artifact id: '580ed8040665fd1bcb7945cd18fd02ea') in 0.004454 seconds
Number of updated asset objects reloaded before import = 0
Number of asset objects unloaded after import = 3
========================================================================
Received Import Request.
  Time since last request: 0.000011 seconds.
  path: Assets/Warped City Assets/Artwork/ENVIRONMENT/props/hotel-sign.png
  artifactKey: Guid(70fcf1bcc07324fbd9403a07682a2f88) Importer(815301076,1909f56bfc062723c751e8b465ee728b)
Start importing Assets/Warped City Assets/Artwork/ENVIRONMENT/props/hotel-sign.png using Guid(70fcf1bcc07324fbd9403a07682a2f88) Importer(815301076,1909f56bfc062723c751e8b465ee728b)  -> (artifact id: '71597026b9218d2fdfd911c09285d8aa') in 0.004968 seconds
Number of updated asset objects reloaded before import = 0
Number of asset objects unloaded after import = 3
========================================================================
Received Import Request.
  Time since last request: 0.000014 seconds.
  path: Assets/Warped City Assets/Artwork/SPRITES/misc/drone/drone-4.png
  artifactKey: Guid(f579fd21158db4b9caa8430de17d94e2) Importer(815301076,1909f56bfc062723c751e8b465ee728b)
Start importing Assets/Warped City Assets/Artwork/SPRITES/misc/drone/drone-4.png using Guid(f579fd21158db4b9caa8430de17d94e2) Importer(815301076,1909f56bfc062723c751e8b465ee728b)  -> (artifact id: '857002f7292c6806110c6a589e48c89f') in 0.004888 seconds
Number of updated asset objects reloaded before import = 0
Number of asset objects unloaded after import = 3
========================================================================
Received Import Request.
  Time since last request: 0.000011 seconds.
  path: Assets/Warped City Assets/Artwork/SPRITES/misc/drone/drone-2.png
  artifactKey: Guid(f911be1073fbd40da8ffc0c33983b5e4) Importer(815301076,1909f56bfc062723c751e8b465ee728b)
Start importing Assets/Warped City Assets/Artwork/SPRITES/misc/drone/drone-2.png using Guid(f911be1073fbd40da8ffc0c33983b5e4) Importer(815301076,1909f56bfc062723c751e8b465ee728b)  -> (artifact id: 'f444cd98b1bcfa2fcf6be2a09a6ba806') in 0.004112 seconds
Number of updated asset objects reloaded before import = 0
Number of asset objects unloaded after import = 3
========================================================================
Received Import Request.
  Time since last request: 0.000011 seconds.
  path: Assets/Warped City Assets/Artwork/SPRITES/misc/enemy-explosion/enemy-explosion-5.png
  artifactKey: Guid(afb130b24c5274a6182bb53c0d12e23f) Importer(815301076,1909f56bfc062723c751e8b465ee728b)
Start importing Assets/Warped City Assets/Artwork/SPRITES/misc/enemy-explosion/enemy-explosion-5.png using Guid(afb130b24c5274a6182bb53c0d12e23f) Importer(815301076,1909f56bfc062723c751e8b465ee728b)  -> (artifact id: '71305a330f169c2e13ffcf3d2b8d8947') in 0.004585 seconds
Number of updated asset objects reloaded before import = 0
Number of asset objects unloaded after import = 3
========================================================================
Received Import Request.
  Time since last request: 0.000013 seconds.
  path: Assets/Warped City Assets/Artwork/SPRITES/misc/drone/drone-3.png
  artifactKey: Guid(4040d1bf6a141427f85f43f7b555de63) Importer(815301076,1909f56bfc062723c751e8b465ee728b)
Start importing Assets/Warped City Assets/Artwork/SPRITES/misc/drone/drone-3.png using Guid(4040d1bf6a141427f85f43f7b555de63) Importer(815301076,1909f56bfc062723c751e8b465ee728b)  -> (artifact id: '4ccfabe2497689e9cbff60b285c5e8b8') in 0.004367 seconds
Number of updated asset objects reloaded before import = 0
Number of asset objects unloaded after import = 3
========================================================================
Received Import Request.
  Time since last request: 0.000019 seconds.
  path: Assets/Warped City Assets/Artwork/SPRITES/misc/enemy-explosion/enemy-explosion-2.png
  artifactKey: Guid(e4816b76c47974b188075a4a37fbe55a) Importer(815301076,1909f56bfc062723c751e8b465ee728b)
Start importing Assets/Warped City Assets/Artwork/SPRITES/misc/enemy-explosion/enemy-explosion-2.png using Guid(e4816b76c47974b188075a4a37fbe55a) Importer(815301076,1909f56bfc062723c751e8b465ee728b)  -> (artifact id: 'cbbd0d521953d8b163dfc480b580ae02') in 0.004458 seconds
Number of updated asset objects reloaded before import = 0
Number of asset objects unloaded after import = 3
========================================================================
Received Import Request.
  Time since last request: 0.000011 seconds.
  path: Assets/Warped City Assets/Artwork/SPRITES/player/idle/idle-4.png
  artifactKey: Guid(2d414b37f3de74d2494564eb6ca8b8cb) Importer(815301076,1909f56bfc062723c751e8b465ee728b)
Start importing Assets/Warped City Assets/Artwork/SPRITES/player/idle/idle-4.png using Guid(2d414b37f3de74d2494564eb6ca8b8cb) Importer(815301076,1909f56bfc062723c751e8b465ee728b)  -> (artifact id: 'b5a7d1f9da5205af26d109224699093d') in 0.004579 seconds
Number of updated asset objects reloaded before import = 0
Number of asset objects unloaded after import = 3
========================================================================
Received Import Request.
  Time since last request: 0.000021 seconds.
  path: Assets/Warped City Assets/Artwork/SPRITES/player/idle/idle-2.png
  artifactKey: Guid(549d483e5cacc460f8489223b7bedc15) Importer(815301076,1909f56bfc062723c751e8b465ee728b)
Start importing Assets/Warped City Assets/Artwork/SPRITES/player/idle/idle-2.png using Guid(549d483e5cacc460f8489223b7bedc15) Importer(815301076,1909f56bfc062723c751e8b465ee728b)  -> (artifact id: '64e63aec26b517b618510d4074df6df5') in 0.004208 seconds
Number of updated asset objects reloaded before import = 0
Number of asset objects unloaded after import = 3
========================================================================
Received Import Request.
  Time since last request: 0.001156 seconds.
  path: Assets/Warped City Assets/Artwork/ENVIRONMENT/props/banners.png
  artifactKey: Guid(3a52cc9a5ecd14d5aad2ba568f124b04) Importer(815301076,1909f56bfc062723c751e8b465ee728b)
Start importing Assets/Warped City Assets/Artwork/ENVIRONMENT/props/banners.png using Guid(3a52cc9a5ecd14d5aad2ba568f124b04) Importer(815301076,1909f56bfc062723c751e8b465ee728b)  -> (artifact id: 'b0d735e581b8baa50a4434d6059d4c43') in 0.004468 seconds
Number of updated asset objects reloaded before import = 0
Number of asset objects unloaded after import = 3
========================================================================
Received Import Request.
  Time since last request: 0.000011 seconds.
  path: Assets/Warped City Assets/Artwork/SPRITES/player/climb/climb-5.png
  artifactKey: Guid(173ee918bf9b445909661624036c3bd5) Importer(815301076,1909f56bfc062723c751e8b465ee728b)
Start importing Assets/Warped City Assets/Artwork/SPRITES/player/climb/climb-5.png using Guid(173ee918bf9b445909661624036c3bd5) Importer(815301076,1909f56bfc062723c751e8b465ee728b)  -> (artifact id: '5a00f39f53fdbf1c835a74fff88ae6c5') in 0.004878 seconds
Number of updated asset objects reloaded before import = 0
Number of asset objects unloaded after import = 3
========================================================================
Received Import Request.
  Time since last request: 0.000019 seconds.
  path: Assets/Warped City Assets/Artwork/ENVIRONMENT/props/control-box-1.png
  artifactKey: Guid(166ee1a541de14030b238510ce729b13) Importer(815301076,1909f56bfc062723c751e8b465ee728b)
Start importing Assets/Warped City Assets/Artwork/ENVIRONMENT/props/control-box-1.png using Guid(166ee1a541de14030b238510ce729b13) Importer(815301076,1909f56bfc062723c751e8b465ee728b)  -> (artifact id: 'aa6de878d63274063634bd4ff47cb322') in 0.004441 seconds
Number of updated asset objects reloaded before import = 0
Number of asset objects unloaded after import = 3
========================================================================
Received Import Request.
  Time since last request: 0.000011 seconds.
  path: Assets/Warped City Assets/Artwork/SPRITES/player/climb/climb-3.png
  artifactKey: Guid(acac7b63789b44ec7933ec438a2b2443) Importer(815301076,1909f56bfc062723c751e8b465ee728b)
Start importing Assets/Warped City Assets/Artwork/SPRITES/player/climb/climb-3.png using Guid(acac7b63789b44ec7933ec438a2b2443) Importer(815301076,1909f56bfc062723c751e8b465ee728b)  -> (artifact id: 'b0cbb916e877c567193b3d919ff476d0') in 0.004411 seconds
Number of updated asset objects reloaded before import = 0
Number of asset objects unloaded after import = 3
========================================================================
Received Import Request.
  Time since last request: 0.000010 seconds.
  path: Assets/Warped City Assets/Artwork/SPRITES/player/climb/climb-6.png
  artifactKey: Guid(23f434866843c4f52a434b6996a38df2) Importer(815301076,1909f56bfc062723c751e8b465ee728b)
Start importing Assets/Warped City Assets/Artwork/SPRITES/player/climb/climb-6.png using Guid(23f434866843c4f52a434b6996a38df2) Importer(815301076,1909f56bfc062723c751e8b465ee728b)  -> (artifact id: '0e9468f5440d4317697ba611cf1c6d9e') in 0.004824 seconds
Number of updated asset objects reloaded before import = 0
Number of asset objects unloaded after import = 3
========================================================================
Received Import Request.
  Time since last request: 0.104491 seconds.
  path: Assets/Warped City Assets/Artwork/ENVIRONMENT/props/banner-coke/banner-coke-3.png
  artifactKey: Guid(f1d96a02791e840bfa329a4a5b5b8f14) Importer(815301076,1909f56bfc062723c751e8b465ee728b)
Start importing Assets/Warped City Assets/Artwork/ENVIRONMENT/props/banner-coke/banner-coke-3.png using Guid(f1d96a02791e840bfa329a4a5b5b8f14) Importer(815301076,1909f56bfc062723c751e8b465ee728b)  -> (artifact id: 'bbe358e78bfa8c638b887fe707fccf1c') in 0.005824 seconds
Number of updated asset objects reloaded before import = 0
Number of asset objects unloaded after import = 3
========================================================================
Received Import Request.
  Time since last request: 0.000052 seconds.
  path: Assets/Warped City Assets/Artwork/ENVIRONMENT/props/banner-neon/banner-neon-4.png
  artifactKey: Guid(a0a3a0567001d4203bfdec3ec2095491) Importer(815301076,1909f56bfc062723c751e8b465ee728b)
Start importing Assets/Warped City Assets/Artwork/ENVIRONMENT/props/banner-neon/banner-neon-4.png using Guid(a0a3a0567001d4203bfdec3ec2095491) Importer(815301076,1909f56bfc062723c751e8b465ee728b)  -> (artifact id: '840f230c89eabec2b2aa6469e8e8bc17') in 0.005998 seconds
Number of updated asset objects reloaded before import = 0
Number of asset objects unloaded after import = 3
========================================================================
Received Import Request.
  Time since last request: 0.000014 seconds.
  path: Assets/Warped City Assets/Artwork/ENVIRONMENT/props/banner-scroll/banner-scroll-3.png
  artifactKey: Guid(10874c17f15914f2f95c00efdccf6907) Importer(815301076,1909f56bfc062723c751e8b465ee728b)
Start importing Assets/Warped City Assets/Artwork/ENVIRONMENT/props/banner-scroll/banner-scroll-3.png using Guid(10874c17f15914f2f95c00efdccf6907) Importer(815301076,1909f56bfc062723c751e8b465ee728b)  -> (artifact id: 'ec64646ac3100ca5b5a6533ec4b187da') in 0.005809 seconds
Number of updated asset objects reloaded before import = 0
Number of asset objects unloaded after import = 3
========================================================================
Received Import Request.
  Time since last request: 0.000012 seconds.
  path: Assets/Warped City Assets/Artwork/ENVIRONMENT/props/banner-neon/banner-neon-1.png
  artifactKey: Guid(651479cc07fa5423fb129d992873995b) Importer(815301076,1909f56bfc062723c751e8b465ee728b)
Start importing Assets/Warped City Assets/Artwork/ENVIRONMENT/props/banner-neon/banner-neon-1.png using Guid(651479cc07fa5423fb129d992873995b) Importer(815301076,1909f56bfc062723c751e8b465ee728b)  -> (artifact id: 'cb4876ce73e78f07941ccbc576f14493') in 0.005080 seconds
Number of updated asset objects reloaded before import = 0
Number of asset objects unloaded after import = 3
========================================================================
Received Import Request.
  Time since last request: 0.000016 seconds.
  path: Assets/Warped City Assets/Artwork/ENVIRONMENT/props/banner-neon/banner-neon-2.png
  artifactKey: Guid(724ba19574b4b41399100a70044d62e7) Importer(815301076,1909f56bfc062723c751e8b465ee728b)
Start importing Assets/Warped City Assets/Artwork/ENVIRONMENT/props/banner-neon/banner-neon-2.png using Guid(724ba19574b4b41399100a70044d62e7) Importer(815301076,1909f56bfc062723c751e8b465ee728b)  -> (artifact id: 'a021ce897e4be4a1408b3d59e74b9729') in 0.004884 seconds
Number of updated asset objects reloaded before import = 0
Number of asset objects unloaded after import = 3
========================================================================
Received Import Request.
  Time since last request: 0.000013 seconds.
  path: Assets/Warped City Assets/Artwork/ENVIRONMENT/props/banner-scroll/banner-scroll-1.png
  artifactKey: Guid(4f540a6a2b820425d909a84e4650a499) Importer(815301076,1909f56bfc062723c751e8b465ee728b)
Start importing Assets/Warped City Assets/Artwork/ENVIRONMENT/props/banner-scroll/banner-scroll-1.png using Guid(4f540a6a2b820425d909a84e4650a499) Importer(815301076,1909f56bfc062723c751e8b465ee728b)  -> (artifact id: 'a145726fd513e88891979b8d7eb7a91f') in 0.005073 seconds
Number of updated asset objects reloaded before import = 0
Number of asset objects unloaded after import = 3
========================================================================
Received Import Request.
  Time since last request: 0.000013 seconds.
  path: Assets/Warped City Assets/Artwork/ENVIRONMENT/props/banner-side/banner-side-4.png
  artifactKey: Guid(e20c9176086b94af3bdcf5158f6cfd8d) Importer(815301076,1909f56bfc062723c751e8b465ee728b)
Start importing Assets/Warped City Assets/Artwork/ENVIRONMENT/props/banner-side/banner-side-4.png using Guid(e20c9176086b94af3bdcf5158f6cfd8d) Importer(815301076,1909f56bfc062723c751e8b465ee728b)  -> (artifact id: 'ee3bbb82d54440eb64c786f0f247e32d') in 0.005541 seconds
Number of updated asset objects reloaded before import = 0
Number of asset objects unloaded after import = 3
========================================================================
Received Import Request.
  Time since last request: 0.000010 seconds.
  path: Assets/Warped City Assets/Artwork/ENVIRONMENT/props/banner-open.png
  artifactKey: Guid(a9a2edcef3323439bbd444f77e2c66a6) Importer(815301076,1909f56bfc062723c751e8b465ee728b)
Start importing Assets/Warped City Assets/Artwork/ENVIRONMENT/props/banner-open.png using Guid(a9a2edcef3323439bbd444f77e2c66a6) Importer(815301076,1909f56bfc062723c751e8b465ee728b)  -> (artifact id: 'ae340960d114b14113e3125fa1617f46') in 0.003866 seconds
Number of updated asset objects reloaded before import = 0
Number of asset objects unloaded after import = 3
========================================================================
Received Import Request.
  Time since last request: 0.002467 seconds.
  path: Assets/Warped City Assets/Artwork/SPRITES/player/back-jump/back-jump-1.png
  artifactKey: Guid(6bcff3fdeea55447d8b185465a8a7d12) Importer(815301076,1909f56bfc062723c751e8b465ee728b)
Start importing Assets/Warped City Assets/Artwork/SPRITES/player/back-jump/back-jump-1.png using Guid(6bcff3fdeea55447d8b185465a8a7d12) Importer(815301076,1909f56bfc062723c751e8b465ee728b)  -> (artifact id: 'f54488621a96850dc75337e4dada1c44') in 0.004925 seconds
Number of updated asset objects reloaded before import = 0
Number of asset objects unloaded after import = 3
========================================================================
Received Import Request.
  Time since last request: 0.000009 seconds.
  path: Assets/Warped City Assets/Artwork/SPRITES/player/back-jump/back-jump-5.png
  artifactKey: Guid(af6b4020d525741d586a7fe3778dfd6d) Importer(815301076,1909f56bfc062723c751e8b465ee728b)
Start importing Assets/Warped City Assets/Artwork/SPRITES/player/back-jump/back-jump-5.png using Guid(af6b4020d525741d586a7fe3778dfd6d) Importer(815301076,1909f56bfc062723c751e8b465ee728b)  -> (artifact id: 'cfb7922d717d99951fc8fe76dd76d2b3') in 0.004606 seconds
Number of updated asset objects reloaded before import = 0
Number of asset objects unloaded after import = 3
========================================================================
Received Import Request.
  Time since last request: 0.000015 seconds.
  path: Assets/Warped City Assets/Artwork/ENVIRONMENT/props/banner-big/banner-big-1.png
  artifactKey: Guid(4db7d20bea57942e9bc03f26f30c64a5) Importer(815301076,1909f56bfc062723c751e8b465ee728b)
Start importing Assets/Warped City Assets/Artwork/ENVIRONMENT/props/banner-big/banner-big-1.png using Guid(4db7d20bea57942e9bc03f26f30c64a5) Importer(815301076,1909f56bfc062723c751e8b465ee728b)  -> (artifact id: 'bdd6afa7e04d1727534e265b329f3082') in 0.005382 seconds
Number of updated asset objects reloaded before import = 0
Number of asset objects unloaded after import = 3
========================================================================
Received Import Request.
  Time since last request: 0.000017 seconds.
  path: Assets/Warped City Assets/Artwork/SPRITES/player/back-jump/back-jump-6.png
  artifactKey: Guid(543a751d492224d75b38c817e173720c) Importer(815301076,1909f56bfc062723c751e8b465ee728b)
Start importing Assets/Warped City Assets/Artwork/SPRITES/player/back-jump/back-jump-6.png using Guid(543a751d492224d75b38c817e173720c) Importer(815301076,1909f56bfc062723c751e8b465ee728b)  -> (artifact id: '3432bec9c190c624807a7c9134b2e9c1') in 0.004970 seconds
Number of updated asset objects reloaded before import = 0
Number of asset objects unloaded after import = 3
========================================================================
Received Import Request.
  Time since last request: 0.000014 seconds.
  path: Assets/Warped City Assets/Artwork/ENVIRONMENT/props/banner-big/banner-big-4.png
  artifactKey: Guid(0f306fd9e5e6f446f8448898b82634b8) Importer(815301076,1909f56bfc062723c751e8b465ee728b)
Start importing Assets/Warped City Assets/Artwork/ENVIRONMENT/props/banner-big/banner-big-4.png using Guid(0f306fd9e5e6f446f8448898b82634b8) Importer(815301076,1909f56bfc062723c751e8b465ee728b)  -> (artifact id: '76d3aaaf5308a3af48985c3336373002') in 0.004786 seconds
Number of updated asset objects reloaded before import = 0
Number of asset objects unloaded after import = 3
========================================================================
Received Import Request.
  Time since last request: 0.000011 seconds.
  path: Assets/Warped City Assets/Artwork/ENVIRONMENT/props/banner-coke/banner-coke-2.png
  artifactKey: Guid(c3b5f35ae691e4d719d7c458b48c7c28) Importer(815301076,1909f56bfc062723c751e8b465ee728b)
Start importing Assets/Warped City Assets/Artwork/ENVIRONMENT/props/banner-coke/banner-coke-2.png using Guid(c3b5f35ae691e4d719d7c458b48c7c28) Importer(815301076,1909f56bfc062723c751e8b465ee728b)  -> (artifact id: '0a5ddf88009db6882bba14ea4213639b') in 0.004984 seconds
Number of updated asset objects reloaded before import = 0
Number of asset objects unloaded after import = 3
========================================================================
Received Import Request.
  Time since last request: 0.000013 seconds.
  path: Assets/Warped City Assets/Artwork/ENVIRONMENT/props/banner-coke/banner-coke-1.png
  artifactKey: Guid(88271ef8cb2f844a59750124ca3106a2) Importer(815301076,1909f56bfc062723c751e8b465ee728b)
Start importing Assets/Warped City Assets/Artwork/ENVIRONMENT/props/banner-coke/banner-coke-1.png using Guid(88271ef8cb2f844a59750124ca3106a2) Importer(815301076,1909f56bfc062723c751e8b465ee728b)  -> (artifact id: 'c5d7709c262211a1d1f449847b0122de') in 0.004574 seconds
Number of updated asset objects reloaded before import = 0
Number of asset objects unloaded after import = 3
