Using pre-set license
Built from '2022.3/staging' branch; Version is '2022.3.4f1 (35713cd46cd7) revision 3502396'; Using compiler version '192829333'; Build Type 'Release'
OS: 'Windows 10  (10.0.19044) 64bit Professional' Language: 'ko' Physical Memory: 16281 MB
BatchMode: 1, IsHumanControllingUs: 0, StartBugReporterOnCrash: 0, Is64bit: 1, IsPro: 1

COMMAND LINE ARGUMENTS:
C:\Program Files\Unity\Hub\Editor\2022.3.4f1\Editor\Unity.exe
-adb2
-batchMode
-noUpm
-name
AssetImportWorker1
-projectPath
C:/Users/User/Desktop/2Dproject1/project1
-logFile
Logs/AssetImportWorker1.log
-srvPort
50079
Successfully changed project path to: C:/Users/User/Desktop/2Dproject1/project1
C:/Users/User/Desktop/2Dproject1/project1
[UnityMemory] Configuration Parameters - Can be set up in boot.config
    "memorysetup-bucket-allocator-granularity=16"
    "memorysetup-bucket-allocator-bucket-count=8"
    "memorysetup-bucket-allocator-block-size=33554432"
    "memorysetup-bucket-allocator-block-count=8"
    "memorysetup-main-allocator-block-size=16777216"
    "memorysetup-thread-allocator-block-size=16777216"
    "memorysetup-gfx-main-allocator-block-size=16777216"
    "memorysetup-gfx-thread-allocator-block-size=16777216"
    "memorysetup-cache-allocator-block-size=4194304"
    "memorysetup-typetree-allocator-block-size=2097152"
    "memorysetup-profiler-bucket-allocator-granularity=16"
    "memorysetup-profiler-bucket-allocator-bucket-count=8"
    "memorysetup-profiler-bucket-allocator-block-size=33554432"
    "memorysetup-profiler-bucket-allocator-block-count=8"
    "memorysetup-profiler-allocator-block-size=16777216"
    "memorysetup-profiler-editor-allocator-block-size=1048576"
    "memorysetup-temp-allocator-size-main=16777216"
    "memorysetup-job-temp-allocator-block-size=2097152"
    "memorysetup-job-temp-allocator-block-size-background=1048576"
    "memorysetup-job-temp-allocator-reduction-small-platforms=262144"
    "memorysetup-allocator-temp-initial-block-size-main=262144"
    "memorysetup-allocator-temp-initial-block-size-worker=262144"
    "memorysetup-temp-allocator-size-background-worker=32768"
    "memorysetup-temp-allocator-size-job-worker=262144"
    "memorysetup-temp-allocator-size-preload-manager=33554432"
    "memorysetup-temp-allocator-size-nav-mesh-worker=65536"
    "memorysetup-temp-allocator-size-audio-worker=65536"
    "memorysetup-temp-allocator-size-cloud-worker=32768"
    "memorysetup-temp-allocator-size-gi-baking-worker=262144"
    "memorysetup-temp-allocator-size-gfx=262144"
Player connection [14156] Host "[IP] 192.168.7.123 [Port] 0 [Flags] 2 [Guid] 2892683450 [EditorId] 2892683450 [Version] 1048832 [Id] WindowsEditor(7,gf12) [Debug] 1 [PackageName] WindowsEditor [ProjectName] Editor" joined multi-casting on [225.0.0.222:54997]...

Player connection [14156] Host "[IP] 192.168.7.123 [Port] 0 [Flags] 2 [Guid] 2892683450 [EditorId] 2892683450 [Version] 1048832 [Id] WindowsEditor(7,gf12) [Debug] 1 [PackageName] WindowsEditor [ProjectName] Editor" joined alternative multi-casting on [225.0.0.222:34997]...

Refreshing native plugins compatible for Editor in 2.81 ms, found 3 plugins.
Preloading 0 native plugins for Editor in 0.00 ms.
Initialize engine version: 2022.3.4f1 (35713cd46cd7)
[Subsystems] Discovering subsystems at path C:/Program Files/Unity/Hub/Editor/2022.3.4f1/Editor/Data/Resources/UnitySubsystems
[Subsystems] Discovering subsystems at path C:/Users/User/Desktop/2Dproject1/project1/Assets
GfxDevice: creating device client; threaded=0; jobified=0
Direct3D:
    Version:  Direct3D 11.0 [level 11.1]
    Renderer: NVIDIA GeForce GTX 1660 SUPER (ID=0x21c4)
    Vendor:   NVIDIA
    VRAM:     5980 MB
    Driver:   31.0.15.2802
Initialize mono
Mono path[0] = 'C:/Program Files/Unity/Hub/Editor/2022.3.4f1/Editor/Data/Managed'
Mono path[1] = 'C:/Program Files/Unity/Hub/Editor/2022.3.4f1/Editor/Data/MonoBleedingEdge/lib/mono/unityjit-win32'
Mono config path = 'C:/Program Files/Unity/Hub/Editor/2022.3.4f1/Editor/Data/MonoBleedingEdge/etc'
Using monoOptions --debugger-agent=transport=dt_socket,embedding=1,server=y,suspend=n,address=127.0.0.1:56876
Begin MonoManager ReloadAssembly
Registering precompiled unity dll's ...
Register platform support module: C:/Program Files/Unity/Hub/Editor/2022.3.4f1/Editor/Data/PlaybackEngines/WindowsStandaloneSupport/UnityEditor.WindowsStandalone.Extensions.dll
Registered in 0.002856 seconds.
- Loaded All Assemblies, in  0.219 seconds
Native extension for WindowsStandalone target not found
Mono: successfully reloaded assembly
- Finished resetting the current domain, in  0.193 seconds
Domain Reload Profiling: 412ms
	BeginReloadAssembly (54ms)
		ExecutionOrderSort (0ms)
		DisableScriptedObjects (0ms)
		BackupInstance (0ms)
		ReleaseScriptingObjects (0ms)
		CreateAndSetChildDomain (1ms)
	RebuildCommonClasses (25ms)
	RebuildNativeTypeToScriptingClass (11ms)
	initialDomainReloadingComplete (37ms)
	LoadAllAssembliesAndSetupDomain (92ms)
		LoadAssemblies (53ms)
		RebuildTransferFunctionScriptingTraits (0ms)
		AnalyzeDomain (91ms)
			TypeCache.Refresh (90ms)
				TypeCache.ScanAssembly (82ms)
			ScanForSourceGeneratedMonoScriptInfo (0ms)
			ResolveRequiredComponents (0ms)
	FinalizeReload (193ms)
		ReleaseScriptCaches (0ms)
		RebuildScriptCaches (0ms)
		SetupLoadedEditorAssemblies (148ms)
			LogAssemblyErrors (0ms)
			InitializePlatformSupportModulesInManaged (6ms)
			SetLoadedEditorAssemblies (7ms)
			RefreshPlugins (0ms)
			BeforeProcessingInitializeOnLoad (2ms)
			ProcessInitializeOnLoadAttributes (100ms)
			ProcessInitializeOnLoadMethodAttributes (34ms)
			AfterProcessingInitializeOnLoad (0ms)
			EditorAssembliesLoaded (0ms)
		ExecutionOrderSort2 (0ms)
		AwakeInstancesAfterBackupRestoration (0ms)
========================================================================
Worker process is ready to serve import requests
Begin MonoManager ReloadAssembly
Symbol file LoadedFromMemory doesn't match image C:\Users\User\Desktop\2Dproject1\project1\Library\PackageCache\com.unity.visualscripting@1.8.0\Editor\VisualScripting.Core\Dependencies\YamlDotNet\Unity.VisualScripting.YamlDotNet.dll
Symbol file LoadedFromMemory doesn't match image C:\Users\User\Desktop\2Dproject1\project1\Library\PackageCache\com.unity.visualscripting@1.8.0\Editor\VisualScripting.Core\Dependencies\DotNetZip\Unity.VisualScripting.IonicZip.dll
- Loaded All Assemblies, in  0.486 seconds
Refreshing native plugins compatible for Editor in 0.92 ms, found 3 plugins.
Native extension for WindowsStandalone target not found
Package Manager log level set to [2]
[Package Manager] Server::EnsureServerProcessIsRunning -- launch failed, reason: Unity was launched with the -noUpm command-line argument
[Package Manager] UpmClient::Send -- Unable to send message (not connected to UPM process).
[Package Manager] Cannot connect to Unity Package Manager local server
Mono: successfully reloaded assembly
- Finished resetting the current domain, in  0.441 seconds
Domain Reload Profiling: 927ms
	BeginReloadAssembly (90ms)
		ExecutionOrderSort (0ms)
		DisableScriptedObjects (4ms)
		BackupInstance (0ms)
		ReleaseScriptingObjects (0ms)
		CreateAndSetChildDomain (15ms)
	RebuildCommonClasses (24ms)
	RebuildNativeTypeToScriptingClass (8ms)
	initialDomainReloadingComplete (27ms)
	LoadAllAssembliesAndSetupDomain (337ms)
		LoadAssemblies (175ms)
		RebuildTransferFunctionScriptingTraits (0ms)
		AnalyzeDomain (207ms)
			TypeCache.Refresh (194ms)
				TypeCache.ScanAssembly (186ms)
			ScanForSourceGeneratedMonoScriptInfo (10ms)
			ResolveRequiredComponents (3ms)
	FinalizeReload (441ms)
		ReleaseScriptCaches (0ms)
		RebuildScriptCaches (0ms)
		SetupLoadedEditorAssemblies (330ms)
			LogAssemblyErrors (0ms)
			InitializePlatformSupportModulesInManaged (4ms)
			SetLoadedEditorAssemblies (4ms)
			RefreshPlugins (0ms)
			BeforeProcessingInitializeOnLoad (59ms)
			ProcessInitializeOnLoadAttributes (246ms)
			ProcessInitializeOnLoadMethodAttributes (14ms)
			AfterProcessingInitializeOnLoad (2ms)
			EditorAssembliesLoaded (0ms)
		ExecutionOrderSort2 (0ms)
		AwakeInstancesAfterBackupRestoration (4ms)
Launched and connected shader compiler UnityShaderCompiler.exe after 0.02 seconds
Refreshing native plugins compatible for Editor in 0.99 ms, found 3 plugins.
Preloading 0 native plugins for Editor in 0.00 ms.
Unloading 3071 Unused Serialized files (Serialized files now loaded: 0)
Unloading 31 unused Assets / (56.3 KB). Loaded Objects now: 3535.
Memory consumption went from 115.9 MB to 115.8 MB.
Total: 2.395500 ms (FindLiveObjects: 0.207400 ms CreateObjectMapping: 0.086800 ms MarkObjects: 2.008800 ms  DeleteObjects: 0.091500 ms)

AssetImportParameters requested are different than current active one (requested -> active):
  custom:container-demuxer-ogg: 62fdf1f143b41e24485cea50d1cbac27 -> 
  custom:video-decoder-ogg-theora: a1e56fd34408186e4bbccfd4996cb3dc -> 
  custom:framework-win-MediaFoundation: 216162199b28c13a410421893ffa2e32 -> 
  custom:CustomObjectIndexerAttribute: 756ad292c208cfabdd7b50bc23989ffe -> 
  custom:container-demuxer-webm: 4f35f7cbe854078d1ac9338744f61a02 -> 
  custom:container-muxer-webm: aa71ff27fc2769a1b78a27578f13a17b -> 
  custom:video-decoder-webm-vp8: 9c59270c3fd7afecdb556c50c9e8de78 -> 
  custom:AudioImporter_EditorPlatform: d09bf68614088b80899f8185d706f6e7 -> 
  custom:video-encoder-webm-vp8: eb34c28f22e8b96e1ab97ce403110664 -> 
  custom:audio-decoder-ogg-vorbis: bf7c407c2cedff20999df2af8eb42d56 -> 
  custom:audio-encoder-webm-vorbis: bf7c407c2cedff20999df2af8eb42d56 -> 
========================================================================
Received Prepare
Begin MonoManager ReloadAssembly
Symbol file LoadedFromMemory doesn't match image C:\Users\User\Desktop\2Dproject1\project1\Library\PackageCache\com.unity.visualscripting@1.8.0\Editor\VisualScripting.Core\Dependencies\YamlDotNet\Unity.VisualScripting.YamlDotNet.dll
Symbol file LoadedFromMemory doesn't match image C:\Users\User\Desktop\2Dproject1\project1\Library\PackageCache\com.unity.visualscripting@1.8.0\Editor\VisualScripting.Core\Dependencies\DotNetZip\Unity.VisualScripting.IonicZip.dll
- Loaded All Assemblies, in  0.488 seconds
Refreshing native plugins compatible for Editor in 1.03 ms, found 3 plugins.
Native extension for WindowsStandalone target not found
[Package Manager] Server::EnsureServerProcessIsRunning -- launch failed, reason: Unity was launched with the -noUpm command-line argument
[Package Manager] UpmClient::Send -- Unable to send message (not connected to UPM process).
[Package Manager] Cannot connect to Unity Package Manager local server
Mono: successfully reloaded assembly
- Finished resetting the current domain, in  0.494 seconds
Domain Reload Profiling: 982ms
	BeginReloadAssembly (111ms)
		ExecutionOrderSort (0ms)
		DisableScriptedObjects (5ms)
		BackupInstance (0ms)
		ReleaseScriptingObjects (0ms)
		CreateAndSetChildDomain (31ms)
	RebuildCommonClasses (27ms)
	RebuildNativeTypeToScriptingClass (8ms)
	initialDomainReloadingComplete (18ms)
	LoadAllAssembliesAndSetupDomain (324ms)
		LoadAssemblies (175ms)
		RebuildTransferFunctionScriptingTraits (0ms)
		AnalyzeDomain (189ms)
			TypeCache.Refresh (185ms)
				TypeCache.ScanAssembly (175ms)
			ScanForSourceGeneratedMonoScriptInfo (2ms)
			ResolveRequiredComponents (3ms)
	FinalizeReload (494ms)
		ReleaseScriptCaches (0ms)
		RebuildScriptCaches (0ms)
		SetupLoadedEditorAssemblies (298ms)
			LogAssemblyErrors (0ms)
			InitializePlatformSupportModulesInManaged (4ms)
			SetLoadedEditorAssemblies (3ms)
			RefreshPlugins (0ms)
			BeforeProcessingInitializeOnLoad (61ms)
			ProcessInitializeOnLoadAttributes (208ms)
			ProcessInitializeOnLoadMethodAttributes (21ms)
			AfterProcessingInitializeOnLoad (2ms)
			EditorAssembliesLoaded (0ms)
		ExecutionOrderSort2 (0ms)
		AwakeInstancesAfterBackupRestoration (4ms)
Refreshing native plugins compatible for Editor in 1.02 ms, found 3 plugins.
Preloading 0 native plugins for Editor in 0.00 ms.
Unloading 3150 Unused Serialized files (Serialized files now loaded: 0)
Unloading 22 unused Assets / (30.6 KB). Loaded Objects now: 3628.
Memory consumption went from 116.7 MB to 116.6 MB.
Total: 2.178700 ms (FindLiveObjects: 0.168100 ms CreateObjectMapping: 0.083900 ms MarkObjects: 1.862000 ms  DeleteObjects: 0.064200 ms)

Prepare: number of updated asset objects reloaded= 0
AssetImportParameters requested are different than current active one (requested -> active):
  custom:container-demuxer-ogg: 62fdf1f143b41e24485cea50d1cbac27 -> 
  custom:video-decoder-ogg-theora: a1e56fd34408186e4bbccfd4996cb3dc -> 
  custom:framework-win-MediaFoundation: 216162199b28c13a410421893ffa2e32 -> 
  custom:CustomObjectIndexerAttribute: 756ad292c208cfabdd7b50bc23989ffe -> 
  custom:container-demuxer-webm: 4f35f7cbe854078d1ac9338744f61a02 -> 
  custom:container-muxer-webm: aa71ff27fc2769a1b78a27578f13a17b -> 
  custom:video-decoder-webm-vp8: 9c59270c3fd7afecdb556c50c9e8de78 -> 
  custom:AudioImporter_EditorPlatform: d09bf68614088b80899f8185d706f6e7 -> 
  custom:video-encoder-webm-vp8: eb34c28f22e8b96e1ab97ce403110664 -> 
  custom:audio-decoder-ogg-vorbis: bf7c407c2cedff20999df2af8eb42d56 -> 
  custom:audio-encoder-webm-vorbis: bf7c407c2cedff20999df2af8eb42d56 -> 
========================================================================
Received Prepare
Begin MonoManager ReloadAssembly
Symbol file LoadedFromMemory doesn't match image C:\Users\User\Desktop\2Dproject1\project1\Library\PackageCache\com.unity.visualscripting@1.8.0\Editor\VisualScripting.Core\Dependencies\YamlDotNet\Unity.VisualScripting.YamlDotNet.dll
Symbol file LoadedFromMemory doesn't match image C:\Users\User\Desktop\2Dproject1\project1\Library\PackageCache\com.unity.visualscripting@1.8.0\Editor\VisualScripting.Core\Dependencies\DotNetZip\Unity.VisualScripting.IonicZip.dll
- Loaded All Assemblies, in  0.478 seconds
Refreshing native plugins compatible for Editor in 1.46 ms, found 3 plugins.
Native extension for WindowsStandalone target not found
[Package Manager] Server::EnsureServerProcessIsRunning -- launch failed, reason: Unity was launched with the -noUpm command-line argument
[Package Manager] UpmClient::Send -- Unable to send message (not connected to UPM process).
[Package Manager] Cannot connect to Unity Package Manager local server
Mono: successfully reloaded assembly
- Finished resetting the current domain, in  0.500 seconds
Domain Reload Profiling: 978ms
	BeginReloadAssembly (108ms)
		ExecutionOrderSort (0ms)
		DisableScriptedObjects (6ms)
		BackupInstance (0ms)
		ReleaseScriptingObjects (0ms)
		CreateAndSetChildDomain (32ms)
	RebuildCommonClasses (22ms)
	RebuildNativeTypeToScriptingClass (8ms)
	initialDomainReloadingComplete (18ms)
	LoadAllAssembliesAndSetupDomain (322ms)
		LoadAssemblies (172ms)
		RebuildTransferFunctionScriptingTraits (0ms)
		AnalyzeDomain (194ms)
			TypeCache.Refresh (187ms)
				TypeCache.ScanAssembly (177ms)
			ScanForSourceGeneratedMonoScriptInfo (2ms)
			ResolveRequiredComponents (4ms)
	FinalizeReload (500ms)
		ReleaseScriptCaches (0ms)
		RebuildScriptCaches (0ms)
		SetupLoadedEditorAssemblies (293ms)
			LogAssemblyErrors (0ms)
			InitializePlatformSupportModulesInManaged (3ms)
			SetLoadedEditorAssemblies (5ms)
			RefreshPlugins (0ms)
			BeforeProcessingInitializeOnLoad (62ms)
			ProcessInitializeOnLoadAttributes (203ms)
			ProcessInitializeOnLoadMethodAttributes (18ms)
			AfterProcessingInitializeOnLoad (2ms)
			EditorAssembliesLoaded (0ms)
		ExecutionOrderSort2 (0ms)
		AwakeInstancesAfterBackupRestoration (5ms)
Refreshing native plugins compatible for Editor in 0.95 ms, found 3 plugins.
Preloading 0 native plugins for Editor in 0.00 ms.
Unloading 3186 Unused Serialized files (Serialized files now loaded: 0)
Unloading 22 unused Assets / (30.6 KB). Loaded Objects now: 3667.
Memory consumption went from 117.4 MB to 117.4 MB.
Total: 2.421500 ms (FindLiveObjects: 0.205600 ms CreateObjectMapping: 0.098700 ms MarkObjects: 2.079600 ms  DeleteObjects: 0.036300 ms)

Prepare: number of updated asset objects reloaded= 0
AssetImportParameters requested are different than current active one (requested -> active):
  custom:container-demuxer-ogg: 62fdf1f143b41e24485cea50d1cbac27 -> 
  custom:video-decoder-ogg-theora: a1e56fd34408186e4bbccfd4996cb3dc -> 
  custom:framework-win-MediaFoundation: 216162199b28c13a410421893ffa2e32 -> 
  custom:CustomObjectIndexerAttribute: 756ad292c208cfabdd7b50bc23989ffe -> 
  custom:container-demuxer-webm: 4f35f7cbe854078d1ac9338744f61a02 -> 
  custom:container-muxer-webm: aa71ff27fc2769a1b78a27578f13a17b -> 
  custom:video-decoder-webm-vp8: 9c59270c3fd7afecdb556c50c9e8de78 -> 
  custom:AudioImporter_EditorPlatform: d09bf68614088b80899f8185d706f6e7 -> 
  custom:video-encoder-webm-vp8: eb34c28f22e8b96e1ab97ce403110664 -> 
  custom:audio-decoder-ogg-vorbis: bf7c407c2cedff20999df2af8eb42d56 -> 
  custom:audio-encoder-webm-vorbis: bf7c407c2cedff20999df2af8eb42d56 -> 
========================================================================
Received Import Request.
  Time since last request: 5869.228249 seconds.
  path: Assets/Warped City Assets/Artwork/SPRITES/misc/turret/turret-2.png
  artifactKey: Guid(2d5cb69ed60674e4e9778e5b93a72647) Importer(815301076,1909f56bfc062723c751e8b465ee728b)
Start importing Assets/Warped City Assets/Artwork/SPRITES/misc/turret/turret-2.png using Guid(2d5cb69ed60674e4e9778e5b93a72647) Importer(815301076,1909f56bfc062723c751e8b465ee728b)  -> (artifact id: 'f274752baa49deb47afa80cc9218aaf3') in 0.079761 seconds
Number of updated asset objects reloaded before import = 0
Number of asset objects unloaded after import = 3
========================================================================
Received Import Request.
  Time since last request: 0.000018 seconds.
  path: Assets/Warped City Assets/Artwork/SPRITES/player/walk/walk-12.png
  artifactKey: Guid(0536bd13ab2c448cea3cd219b7f0296a) Importer(815301076,1909f56bfc062723c751e8b465ee728b)
Start importing Assets/Warped City Assets/Artwork/SPRITES/player/walk/walk-12.png using Guid(0536bd13ab2c448cea3cd219b7f0296a) Importer(815301076,1909f56bfc062723c751e8b465ee728b)  -> (artifact id: '5f42781c700d784519dc81747eeec4ae') in 0.018289 seconds
Number of updated asset objects reloaded before import = 0
Number of asset objects unloaded after import = 3
========================================================================
Received Import Request.
  Time since last request: 0.000021 seconds.
  path: Assets/Warped City Assets/Artwork/SPRITES/player/walk/walk-3.png
  artifactKey: Guid(5b856d64a605e44c49033a3ec62cd2bb) Importer(815301076,1909f56bfc062723c751e8b465ee728b)
Start importing Assets/Warped City Assets/Artwork/SPRITES/player/walk/walk-3.png using Guid(5b856d64a605e44c49033a3ec62cd2bb) Importer(815301076,1909f56bfc062723c751e8b465ee728b)  -> (artifact id: '899dc53115d01e84b4667070a408c085') in 0.012255 seconds
Number of updated asset objects reloaded before import = 0
Number of asset objects unloaded after import = 3
========================================================================
Received Import Request.
  Time since last request: 0.000012 seconds.
  path: Assets/Warped City Assets/Artwork/SPRITES/misc/turret/turret-5.png
  artifactKey: Guid(b2303cbe932344ac6a18c0bd485d726b) Importer(815301076,1909f56bfc062723c751e8b465ee728b)
Start importing Assets/Warped City Assets/Artwork/SPRITES/misc/turret/turret-5.png using Guid(b2303cbe932344ac6a18c0bd485d726b) Importer(815301076,1909f56bfc062723c751e8b465ee728b)  -> (artifact id: '11e6b441d51aec80817b56b9c10e1d93') in 0.015970 seconds
Number of updated asset objects reloaded before import = 0
Number of asset objects unloaded after import = 3
========================================================================
Received Import Request.
  Time since last request: 0.000014 seconds.
  path: Assets/Warped City Assets/Artwork/SPRITES/player/walk/walk-10.png
  artifactKey: Guid(8721cf2af87de484e859e860a59e7373) Importer(815301076,1909f56bfc062723c751e8b465ee728b)
Start importing Assets/Warped City Assets/Artwork/SPRITES/player/walk/walk-10.png using Guid(8721cf2af87de484e859e860a59e7373) Importer(815301076,1909f56bfc062723c751e8b465ee728b)  -> (artifact id: '29c5f619c6e7fd58a96662f57a4f6691') in 0.027351 seconds
Number of updated asset objects reloaded before import = 0
Number of asset objects unloaded after import = 3
========================================================================
Received Import Request.
  Time since last request: 0.000015 seconds.
  path: Assets/Warped City Assets/Artwork/SPRITES/vehicles/v-police.png
  artifactKey: Guid(024ffe66a86ec4801aa4ec8eb8c4d942) Importer(815301076,1909f56bfc062723c751e8b465ee728b)
Start importing Assets/Warped City Assets/Artwork/SPRITES/vehicles/v-police.png using Guid(024ffe66a86ec4801aa4ec8eb8c4d942) Importer(815301076,1909f56bfc062723c751e8b465ee728b)  -> (artifact id: 'fdb9fb18f6c121411cc57c9629069798') in 0.011495 seconds
Number of updated asset objects reloaded before import = 0
Number of asset objects unloaded after import = 3
========================================================================
Received Import Request.
  Time since last request: 0.000013 seconds.
  path: Assets/Warped City Assets/Artwork/SPRITES/player/walk/walk-6.png
  artifactKey: Guid(f0a10714c2c53479882aba57b7d34ef6) Importer(815301076,1909f56bfc062723c751e8b465ee728b)
Start importing Assets/Warped City Assets/Artwork/SPRITES/player/walk/walk-6.png using Guid(f0a10714c2c53479882aba57b7d34ef6) Importer(815301076,1909f56bfc062723c751e8b465ee728b)  -> (artifact id: '729d35056069b86849e8b3d946af08e1') in 0.004854 seconds
Number of updated asset objects reloaded before import = 0
Number of asset objects unloaded after import = 3
========================================================================
Received Import Request.
  Time since last request: 0.000011 seconds.
  path: Assets/Warped City Assets/Artwork/SPRITES/player/walk/walk-14.png
  artifactKey: Guid(2c442ecc369e64cf09f52850b12d82e3) Importer(815301076,1909f56bfc062723c751e8b465ee728b)
Start importing Assets/Warped City Assets/Artwork/SPRITES/player/walk/walk-14.png using Guid(2c442ecc369e64cf09f52850b12d82e3) Importer(815301076,1909f56bfc062723c751e8b465ee728b)  -> (artifact id: 'bb06979dea29f2efa344b374bd56f184') in 0.004503 seconds
Number of updated asset objects reloaded before import = 0
Number of asset objects unloaded after import = 3
========================================================================
Received Import Request.
  Time since last request: 0.000011 seconds.
  path: Assets/Warped City Assets/Artwork/SPRITES/vehicles/v-truck.png
  artifactKey: Guid(7dcf9689e6bb9415aa01184ca305c8dd) Importer(815301076,1909f56bfc062723c751e8b465ee728b)
Start importing Assets/Warped City Assets/Artwork/SPRITES/vehicles/v-truck.png using Guid(7dcf9689e6bb9415aa01184ca305c8dd) Importer(815301076,1909f56bfc062723c751e8b465ee728b)  -> (artifact id: '85277e0e7bc56146aa7d69bd8d3f9ade') in 0.005805 seconds
Number of updated asset objects reloaded before import = 0
Number of asset objects unloaded after import = 3
========================================================================
Received Import Request.
  Time since last request: 0.000012 seconds.
  path: Assets/Warped City Assets/Artwork/SPRITES/player/walk/walk-11.png
  artifactKey: Guid(cfca6f36f47c94c6ebb185e89f8e9dce) Importer(815301076,1909f56bfc062723c751e8b465ee728b)
Start importing Assets/Warped City Assets/Artwork/SPRITES/player/walk/walk-11.png using Guid(cfca6f36f47c94c6ebb185e89f8e9dce) Importer(815301076,1909f56bfc062723c751e8b465ee728b)  -> (artifact id: 'e1e23c7bf4ef4948f99b397022c18996') in 0.006145 seconds
Number of updated asset objects reloaded before import = 0
Number of asset objects unloaded after import = 3
========================================================================
Received Import Request.
  Time since last request: 0.000011 seconds.
  path: Assets/Warped City Assets/Artwork/SPRITES/player/walk/walk-16.png
  artifactKey: Guid(68e985422891640a18dbd1cd15f404fb) Importer(815301076,1909f56bfc062723c751e8b465ee728b)
Start importing Assets/Warped City Assets/Artwork/SPRITES/player/walk/walk-16.png using Guid(68e985422891640a18dbd1cd15f404fb) Importer(815301076,1909f56bfc062723c751e8b465ee728b)  -> (artifact id: 'e796a3eb3875f0581077cc17a01f7a05') in 0.004391 seconds
Number of updated asset objects reloaded before import = 0
Number of asset objects unloaded after import = 3
========================================================================
Received Import Request.
  Time since last request: 1.347925 seconds.
  path: Assets/Warped City Assets/Artwork/SPRITES/player/run-shoot/run-shoot-2.png
  artifactKey: Guid(dc5d1e52e2fd64a3bb47f19ab68f8352) Importer(815301076,1909f56bfc062723c751e8b465ee728b)
Start importing Assets/Warped City Assets/Artwork/SPRITES/player/run-shoot/run-shoot-2.png using Guid(dc5d1e52e2fd64a3bb47f19ab68f8352) Importer(815301076,1909f56bfc062723c751e8b465ee728b)  -> (artifact id: 'ae401abf26e1f36047f5bf00a6405321') in 0.005796 seconds
Number of updated asset objects reloaded before import = 0
Number of asset objects unloaded after import = 3
========================================================================
Received Import Request.
  Time since last request: 0.000014 seconds.
  path: Assets/Warped City Assets/Artwork/SPRITES/player/run-shoot/run-shoot-7.png
  artifactKey: Guid(ed261b2f4930e4bfcaa92d65cc0a465c) Importer(815301076,1909f56bfc062723c751e8b465ee728b)
Start importing Assets/Warped City Assets/Artwork/SPRITES/player/run-shoot/run-shoot-7.png using Guid(ed261b2f4930e4bfcaa92d65cc0a465c) Importer(815301076,1909f56bfc062723c751e8b465ee728b)  -> (artifact id: '38e0911735efd37be6dae929748b7501') in 0.005630 seconds
Number of updated asset objects reloaded before import = 0
Number of asset objects unloaded after import = 3
========================================================================
Received Import Request.
  Time since last request: 0.000023 seconds.
  path: Assets/Warped City Assets/Artwork/SPRITES/misc/shot-hit/shot-hit-3.png
  artifactKey: Guid(0c376fba3cf5246948d64bdaeca77f0e) Importer(815301076,1909f56bfc062723c751e8b465ee728b)
Start importing Assets/Warped City Assets/Artwork/SPRITES/misc/shot-hit/shot-hit-3.png using Guid(0c376fba3cf5246948d64bdaeca77f0e) Importer(815301076,1909f56bfc062723c751e8b465ee728b)  -> (artifact id: '219280c13aecd6cb5cd887facb1a5d29') in 0.006180 seconds
Number of updated asset objects reloaded before import = 0
Number of asset objects unloaded after import = 3
========================================================================
Received Import Request.
  Time since last request: 0.000011 seconds.
  path: Assets/Warped City Assets/Artwork/SPRITES/misc/shot-hit/shot-hit-2.png
  artifactKey: Guid(75d0429ae97dd41bb9b262149a4687a4) Importer(815301076,1909f56bfc062723c751e8b465ee728b)
Start importing Assets/Warped City Assets/Artwork/SPRITES/misc/shot-hit/shot-hit-2.png using Guid(75d0429ae97dd41bb9b262149a4687a4) Importer(815301076,1909f56bfc062723c751e8b465ee728b)  -> (artifact id: '1a4ba75ff62b6fa3bca5a74725525a15') in 0.004367 seconds
Number of updated asset objects reloaded before import = 0
Number of asset objects unloaded after import = 3
========================================================================
Received Import Request.
  Time since last request: 0.000022 seconds.
  path: Assets/Warped City Assets/Artwork/SPRITES/misc/shot-hit/shot-hit-1.png
  artifactKey: Guid(74b1f2f65f5d54fb79d714a16652e720) Importer(815301076,1909f56bfc062723c751e8b465ee728b)
Start importing Assets/Warped City Assets/Artwork/SPRITES/misc/shot-hit/shot-hit-1.png using Guid(74b1f2f65f5d54fb79d714a16652e720) Importer(815301076,1909f56bfc062723c751e8b465ee728b)  -> (artifact id: '6a3ac239f924e6e11d4b0c44660ce210') in 0.005812 seconds
Number of updated asset objects reloaded before import = 0
Number of asset objects unloaded after import = 3
========================================================================
Received Import Request.
  Time since last request: 0.000010 seconds.
  path: Assets/Warped City Assets/Artwork/SPRITES/player/run-shoot/run-shoot-4.png
  artifactKey: Guid(2b50f26fd5be3438cb6ee8e28a8ce6bb) Importer(815301076,1909f56bfc062723c751e8b465ee728b)
Start importing Assets/Warped City Assets/Artwork/SPRITES/player/run-shoot/run-shoot-4.png using Guid(2b50f26fd5be3438cb6ee8e28a8ce6bb) Importer(815301076,1909f56bfc062723c751e8b465ee728b)  -> (artifact id: '0dc465955589e8b2e519a9a6447f4761') in 0.004949 seconds
Number of updated asset objects reloaded before import = 0
Number of asset objects unloaded after import = 3
========================================================================
Received Import Request.
  Time since last request: 0.000012 seconds.
  path: Assets/Warped City Assets/Artwork/SPRITES/misc/shot/shot-3.png
  artifactKey: Guid(d60765fdce94e4883ae3df53307278b4) Importer(815301076,1909f56bfc062723c751e8b465ee728b)
Start importing Assets/Warped City Assets/Artwork/SPRITES/misc/shot/shot-3.png using Guid(d60765fdce94e4883ae3df53307278b4) Importer(815301076,1909f56bfc062723c751e8b465ee728b)  -> (artifact id: '4409bf68c532e1fff95ddbc98dde8064') in 0.004922 seconds
Number of updated asset objects reloaded before import = 0
Number of asset objects unloaded after import = 3
========================================================================
Received Import Request.
  Time since last request: 0.000012 seconds.
  path: Assets/Warped City Assets/Artwork/SPRITES/player/run-shoot/run-shoot-3.png
  artifactKey: Guid(10125d135980e4e96a9b9994eac96495) Importer(815301076,1909f56bfc062723c751e8b465ee728b)
Start importing Assets/Warped City Assets/Artwork/SPRITES/player/run-shoot/run-shoot-3.png using Guid(10125d135980e4e96a9b9994eac96495) Importer(815301076,1909f56bfc062723c751e8b465ee728b)  -> (artifact id: 'd3c866ba9641cd3ed8167522c68af2f4') in 0.005444 seconds
Number of updated asset objects reloaded before import = 0
Number of asset objects unloaded after import = 3
========================================================================
Received Import Request.
  Time since last request: 0.001818 seconds.
  path: Assets/Warped City Assets/Artwork/SPRITES/player/jump/jump-3.png
  artifactKey: Guid(e093257ab2fbe4ae794aa3160018b9a0) Importer(815301076,1909f56bfc062723c751e8b465ee728b)
Start importing Assets/Warped City Assets/Artwork/SPRITES/player/jump/jump-3.png using Guid(e093257ab2fbe4ae794aa3160018b9a0) Importer(815301076,1909f56bfc062723c751e8b465ee728b)  -> (artifact id: 'a1f317e7cd748ed1458530a146717827') in 0.004440 seconds
Number of updated asset objects reloaded before import = 0
Number of asset objects unloaded after import = 3
========================================================================
Received Import Request.
  Time since last request: 0.000009 seconds.
  path: Assets/Warped City Assets/Artwork/SPRITES/player/run/run-6.png
  artifactKey: Guid(c2c96d70d0d774eb8b26b0f86777c608) Importer(815301076,1909f56bfc062723c751e8b465ee728b)
Start importing Assets/Warped City Assets/Artwork/SPRITES/player/run/run-6.png using Guid(c2c96d70d0d774eb8b26b0f86777c608) Importer(815301076,1909f56bfc062723c751e8b465ee728b)  -> (artifact id: '0fb53325ee96ea5329a06e731f7dc02e') in 0.004384 seconds
Number of updated asset objects reloaded before import = 0
Number of asset objects unloaded after import = 3
========================================================================
Received Import Request.
  Time since last request: 0.000010 seconds.
  path: Assets/Warped City Assets/Artwork/SPRITES/player/run/run-2.png
  artifactKey: Guid(731f732f77a0b4435bbf67dc9af8cc42) Importer(815301076,1909f56bfc062723c751e8b465ee728b)
Start importing Assets/Warped City Assets/Artwork/SPRITES/player/run/run-2.png using Guid(731f732f77a0b4435bbf67dc9af8cc42) Importer(815301076,1909f56bfc062723c751e8b465ee728b)  -> (artifact id: '1f9cba221d93ee8146ad2ac497266ac1') in 0.005737 seconds
Number of updated asset objects reloaded before import = 0
Number of asset objects unloaded after import = 3
========================================================================
Received Import Request.
  Time since last request: 0.000013 seconds.
  path: Assets/Warped City Assets/Artwork/SPRITES/player/run/run-1.png
  artifactKey: Guid(35f0345bce07647ac927afb5b0e28a98) Importer(815301076,1909f56bfc062723c751e8b465ee728b)
Start importing Assets/Warped City Assets/Artwork/SPRITES/player/run/run-1.png using Guid(35f0345bce07647ac927afb5b0e28a98) Importer(815301076,1909f56bfc062723c751e8b465ee728b)  -> (artifact id: '95db48c34e3c1be568ea450c1556cdac') in 0.004444 seconds
Number of updated asset objects reloaded before import = 0
Number of asset objects unloaded after import = 3
========================================================================
Received Import Request.
  Time since last request: 0.000012 seconds.
  path: Assets/Warped City Assets/Artwork/SPRITES/player/run/run-7.png
  artifactKey: Guid(cf908c36d05544833b46de6e98e9af69) Importer(815301076,1909f56bfc062723c751e8b465ee728b)
Start importing Assets/Warped City Assets/Artwork/SPRITES/player/run/run-7.png using Guid(cf908c36d05544833b46de6e98e9af69) Importer(815301076,1909f56bfc062723c751e8b465ee728b)  -> (artifact id: 'b51bf05e396acb9a3cb6c669cf18c1cc') in 0.004531 seconds
Number of updated asset objects reloaded before import = 0
Number of asset objects unloaded after import = 3
========================================================================
Received Import Request.
  Time since last request: 0.000012 seconds.
  path: Assets/Warped City Assets/Artwork/SPRITES/misc/enemy-explosion/enemy-explosion-1.png
  artifactKey: Guid(6f962f3b4e75746d496c3010cd39cea5) Importer(815301076,1909f56bfc062723c751e8b465ee728b)
Start importing Assets/Warped City Assets/Artwork/SPRITES/misc/enemy-explosion/enemy-explosion-1.png using Guid(6f962f3b4e75746d496c3010cd39cea5) Importer(815301076,1909f56bfc062723c751e8b465ee728b)  -> (artifact id: '8fe213add2135a5ca21e02103c4c3716') in 0.004694 seconds
Number of updated asset objects reloaded before import = 0
Number of asset objects unloaded after import = 3
========================================================================
Received Import Request.
  Time since last request: 0.000024 seconds.
  path: Assets/Warped City Assets/Artwork/SPRITES/player/idle/idle-3.png
  artifactKey: Guid(0e5a39e99f841451ea202f086f8c456e) Importer(815301076,1909f56bfc062723c751e8b465ee728b)
Start importing Assets/Warped City Assets/Artwork/SPRITES/player/idle/idle-3.png using Guid(0e5a39e99f841451ea202f086f8c456e) Importer(815301076,1909f56bfc062723c751e8b465ee728b)  -> (artifact id: '939739e23d4435a9d285439521f850bb') in 0.004941 seconds
Number of updated asset objects reloaded before import = 0
Number of asset objects unloaded after import = 3
========================================================================
Received Import Request.
  Time since last request: 0.000015 seconds.
  path: Assets/Warped City Assets/Artwork/SPRITES/misc/enemy-explosion/enemy-explosion-6.png
  artifactKey: Guid(f2918979de862409cbf2089f7fd99bc6) Importer(815301076,1909f56bfc062723c751e8b465ee728b)
Start importing Assets/Warped City Assets/Artwork/SPRITES/misc/enemy-explosion/enemy-explosion-6.png using Guid(f2918979de862409cbf2089f7fd99bc6) Importer(815301076,1909f56bfc062723c751e8b465ee728b)  -> (artifact id: '33a14712ed8259f503c8842cb5de50bd') in 0.004569 seconds
Number of updated asset objects reloaded before import = 0
Number of asset objects unloaded after import = 3
========================================================================
Received Import Request.
  Time since last request: 0.000011 seconds.
  path: Assets/Warped City Assets/Artwork/SPRITES/misc/enemy-explosion/enemy-explosion-4.png
  artifactKey: Guid(b5fe33b9056c44d249e9b8fc43b6dd1e) Importer(815301076,1909f56bfc062723c751e8b465ee728b)
Start importing Assets/Warped City Assets/Artwork/SPRITES/misc/enemy-explosion/enemy-explosion-4.png using Guid(b5fe33b9056c44d249e9b8fc43b6dd1e) Importer(815301076,1909f56bfc062723c751e8b465ee728b)  -> (artifact id: '2a0d5dbcbd89054ce17624e935e3ab8e') in 0.004405 seconds
Number of updated asset objects reloaded before import = 0
Number of asset objects unloaded after import = 3
========================================================================
Received Import Request.
  Time since last request: 0.000013 seconds.
  path: Assets/Warped City Assets/Artwork/SPRITES/player/idle/idle-1.png
  artifactKey: Guid(041f56d6a022446e8b09e8a5be7f79ab) Importer(815301076,1909f56bfc062723c751e8b465ee728b)
Start importing Assets/Warped City Assets/Artwork/SPRITES/player/idle/idle-1.png using Guid(041f56d6a022446e8b09e8a5be7f79ab) Importer(815301076,1909f56bfc062723c751e8b465ee728b)  -> (artifact id: 'f6efb64efaba72540698462e5f379ac0') in 0.004665 seconds
Number of updated asset objects reloaded before import = 0
Number of asset objects unloaded after import = 3
========================================================================
Received Import Request.
  Time since last request: 0.000011 seconds.
  path: Assets/Warped City Assets/Artwork/SPRITES/player/jump/jump-1.png
  artifactKey: Guid(9251ef29ed0b341278e89a78ef96131c) Importer(815301076,1909f56bfc062723c751e8b465ee728b)
Start importing Assets/Warped City Assets/Artwork/SPRITES/player/jump/jump-1.png using Guid(9251ef29ed0b341278e89a78ef96131c) Importer(815301076,1909f56bfc062723c751e8b465ee728b)  -> (artifact id: 'a6236a3f045d2d2c4891ac3f2852b534') in 0.004571 seconds
Number of updated asset objects reloaded before import = 0
Number of asset objects unloaded after import = 3
========================================================================
Received Import Request.
  Time since last request: 0.000015 seconds.
  path: Assets/Warped City Assets/Artwork/SPRITES/misc/enemy-explosion/enemy-explosion-3.png
  artifactKey: Guid(7ef35a73885d14f1ab8f0925880a2af4) Importer(815301076,1909f56bfc062723c751e8b465ee728b)
Start importing Assets/Warped City Assets/Artwork/SPRITES/misc/enemy-explosion/enemy-explosion-3.png using Guid(7ef35a73885d14f1ab8f0925880a2af4) Importer(815301076,1909f56bfc062723c751e8b465ee728b)  -> (artifact id: '64b2ddfe4c16222d174abae1c76c6485') in 0.004915 seconds
Number of updated asset objects reloaded before import = 0
Number of asset objects unloaded after import = 3
========================================================================
Received Import Request.
  Time since last request: 0.000013 seconds.
  path: Assets/Warped City Assets/Artwork/SPRITES/player/hurt/hurt.png
  artifactKey: Guid(538fb37dc7b7b41d694e78e801f89a28) Importer(815301076,1909f56bfc062723c751e8b465ee728b)
Start importing Assets/Warped City Assets/Artwork/SPRITES/player/hurt/hurt.png using Guid(538fb37dc7b7b41d694e78e801f89a28) Importer(815301076,1909f56bfc062723c751e8b465ee728b)  -> (artifact id: '8ce82ccc5446c66183321757e5859f10') in 0.004632 seconds
Number of updated asset objects reloaded before import = 0
Number of asset objects unloaded after import = 3
========================================================================
Received Import Request.
  Time since last request: 0.003310 seconds.
  path: Assets/Warped City Assets/Artwork/SPRITES/player/climb/climb-1.png
  artifactKey: Guid(72cac08d2c0d544c6ad54223e8c20a94) Importer(815301076,1909f56bfc062723c751e8b465ee728b)
Start importing Assets/Warped City Assets/Artwork/SPRITES/player/climb/climb-1.png using Guid(72cac08d2c0d544c6ad54223e8c20a94) Importer(815301076,1909f56bfc062723c751e8b465ee728b)  -> (artifact id: 'e09b6f671a660ce6014d855e299b7214') in 0.004175 seconds
Number of updated asset objects reloaded before import = 0
Number of asset objects unloaded after import = 3
========================================================================
Received Import Request.
  Time since last request: 0.000010 seconds.
  path: Assets/Warped City Assets/Artwork/SPRITES/player/climb/climb-4.png
  artifactKey: Guid(b3eae502da0f045f09a5a62ad28d383e) Importer(815301076,1909f56bfc062723c751e8b465ee728b)
Start importing Assets/Warped City Assets/Artwork/SPRITES/player/climb/climb-4.png using Guid(b3eae502da0f045f09a5a62ad28d383e) Importer(815301076,1909f56bfc062723c751e8b465ee728b)  -> (artifact id: '5b63cd433a55473de1fe435f2ae7f780') in 0.004673 seconds
Number of updated asset objects reloaded before import = 0
Number of asset objects unloaded after import = 3
========================================================================
Received Import Request.
  Time since last request: 0.000012 seconds.
  path: Assets/Warped City Assets/Artwork/SPRITES/misc/drone/drone-1.png
  artifactKey: Guid(a1fc1786c427341769dba6c83feadde4) Importer(815301076,1909f56bfc062723c751e8b465ee728b)
Start importing Assets/Warped City Assets/Artwork/SPRITES/misc/drone/drone-1.png using Guid(a1fc1786c427341769dba6c83feadde4) Importer(815301076,1909f56bfc062723c751e8b465ee728b)  -> (artifact id: '494e4fe88261c350c7d6abcf075a7136') in 0.004660 seconds
Number of updated asset objects reloaded before import = 0
Number of asset objects unloaded after import = 3
========================================================================
Received Import Request.
  Time since last request: 0.000011 seconds.
  path: Assets/Warped City Assets/Artwork/SPRITES/player/climb/climb-2.png
  artifactKey: Guid(0b6064e4b1ec84dea8b329201189541b) Importer(815301076,1909f56bfc062723c751e8b465ee728b)
Start importing Assets/Warped City Assets/Artwork/SPRITES/player/climb/climb-2.png using Guid(0b6064e4b1ec84dea8b329201189541b) Importer(815301076,1909f56bfc062723c751e8b465ee728b)  -> (artifact id: '9a687fffc567b04557b2c21f616bc2bb') in 0.004262 seconds
Number of updated asset objects reloaded before import = 0
Number of asset objects unloaded after import = 3
========================================================================
Received Import Request.
  Time since last request: 0.000017 seconds.
  path: Assets/Warped City Assets/Artwork/SPRITES/player/crouch/crouch.png
  artifactKey: Guid(be66b0319e1ce42139de849803d194a7) Importer(815301076,1909f56bfc062723c751e8b465ee728b)
Start importing Assets/Warped City Assets/Artwork/SPRITES/player/crouch/crouch.png using Guid(be66b0319e1ce42139de849803d194a7) Importer(815301076,1909f56bfc062723c751e8b465ee728b)  -> (artifact id: 'a5d43d5460bf0a51ec72615f2dd6c536') in 0.004619 seconds
Number of updated asset objects reloaded before import = 0
Number of asset objects unloaded after import = 3
========================================================================
Received Import Request.
  Time since last request: 0.000011 seconds.
  path: Assets/Warped City Assets/Artwork/ENVIRONMENT/props/control-box-3.png
  artifactKey: Guid(86504eb5fad8043ec87c8b72b000ca2c) Importer(815301076,1909f56bfc062723c751e8b465ee728b)
Start importing Assets/Warped City Assets/Artwork/ENVIRONMENT/props/control-box-3.png using Guid(86504eb5fad8043ec87c8b72b000ca2c) Importer(815301076,1909f56bfc062723c751e8b465ee728b)  -> (artifact id: '5adb91b26fd3de61992f1403a1eb499d') in 0.004555 seconds
Number of updated asset objects reloaded before import = 0
Number of asset objects unloaded after import = 3
========================================================================
Received Import Request.
  Time since last request: 0.100154 seconds.
  path: Assets/Warped City Assets/Artwork/ENVIRONMENT/props/banner-floor.png
  artifactKey: Guid(09d1aa2af774c4085b9f379c5092bf84) Importer(815301076,1909f56bfc062723c751e8b465ee728b)
Start importing Assets/Warped City Assets/Artwork/ENVIRONMENT/props/banner-floor.png using Guid(09d1aa2af774c4085b9f379c5092bf84) Importer(815301076,1909f56bfc062723c751e8b465ee728b)  -> (artifact id: '86f3118b5b8ff9c46eb723041b232e57') in 0.005532 seconds
Number of updated asset objects reloaded before import = 0
Number of asset objects unloaded after import = 3
========================================================================
Received Import Request.
  Time since last request: 0.000116 seconds.
  path: Assets/Warped City Assets/Artwork/ENVIRONMENT/props/banner-side/banner-side-2.png
  artifactKey: Guid(9b3027d3d57a94a07b8aed183f1dbfda) Importer(815301076,1909f56bfc062723c751e8b465ee728b)
Start importing Assets/Warped City Assets/Artwork/ENVIRONMENT/props/banner-side/banner-side-2.png using Guid(9b3027d3d57a94a07b8aed183f1dbfda) Importer(815301076,1909f56bfc062723c751e8b465ee728b)  -> (artifact id: '56278310bd030d29f6f624e80e4d3a78') in 0.006785 seconds
Number of updated asset objects reloaded before import = 0
Number of asset objects unloaded after import = 3
========================================================================
Received Import Request.
  Time since last request: 0.000015 seconds.
  path: Assets/Warped City Assets/Artwork/ENVIRONMENT/props/banner-scroll/banner-scroll-4.png
  artifactKey: Guid(b84356a1060a54545adc0b90dd3a5141) Importer(815301076,1909f56bfc062723c751e8b465ee728b)
Start importing Assets/Warped City Assets/Artwork/ENVIRONMENT/props/banner-scroll/banner-scroll-4.png using Guid(b84356a1060a54545adc0b90dd3a5141) Importer(815301076,1909f56bfc062723c751e8b465ee728b)  -> (artifact id: '278079b4d9b5f8d2b55e6e6aee6cda77') in 0.005623 seconds
Number of updated asset objects reloaded before import = 0
Number of asset objects unloaded after import = 3
========================================================================
Received Import Request.
  Time since last request: 0.000010 seconds.
  path: Assets/Warped City Assets/Artwork/ENVIRONMENT/props/banner-scroll/banner-scroll-2.png
  artifactKey: Guid(ab86af47e722e4469aab2bcc38e6f6ee) Importer(815301076,1909f56bfc062723c751e8b465ee728b)
Start importing Assets/Warped City Assets/Artwork/ENVIRONMENT/props/banner-scroll/banner-scroll-2.png using Guid(ab86af47e722e4469aab2bcc38e6f6ee) Importer(815301076,1909f56bfc062723c751e8b465ee728b)  -> (artifact id: '1ac2423fc924446baadb886e0074c669') in 0.004667 seconds
Number of updated asset objects reloaded before import = 0
Number of asset objects unloaded after import = 3
========================================================================
Received Import Request.
  Time since last request: 0.000051 seconds.
  path: Assets/Warped City Assets/Artwork/ENVIRONMENT/props/banner-neon/banner-neon-3.png
  artifactKey: Guid(ec31b0297eee742efaa7251fb981fa42) Importer(815301076,1909f56bfc062723c751e8b465ee728b)
Start importing Assets/Warped City Assets/Artwork/ENVIRONMENT/props/banner-neon/banner-neon-3.png using Guid(ec31b0297eee742efaa7251fb981fa42) Importer(815301076,1909f56bfc062723c751e8b465ee728b)  -> (artifact id: '50d403eba8ea641fedd3195c1d2cff5f') in 0.004697 seconds
Number of updated asset objects reloaded before import = 0
Number of asset objects unloaded after import = 3
========================================================================
Received Import Request.
  Time since last request: 0.000016 seconds.
  path: Assets/Warped City Assets/Artwork/ENVIRONMENT/props/banner-small.png
  artifactKey: Guid(9edee812d1564448d9a52b0472611b90) Importer(815301076,1909f56bfc062723c751e8b465ee728b)
Start importing Assets/Warped City Assets/Artwork/ENVIRONMENT/props/banner-small.png using Guid(9edee812d1564448d9a52b0472611b90) Importer(815301076,1909f56bfc062723c751e8b465ee728b)  -> (artifact id: '3524dfb68a2bad255dcffb56776aa8df') in 0.005177 seconds
Number of updated asset objects reloaded before import = 0
Number of asset objects unloaded after import = 3
========================================================================
Received Import Request.
  Time since last request: 0.000011 seconds.
  path: Assets/Warped City Assets/Artwork/ENVIRONMENT/props/banner-side/banner-side-1.png
  artifactKey: Guid(1423971c298b64565ac2014b97a82662) Importer(815301076,1909f56bfc062723c751e8b465ee728b)
Start importing Assets/Warped City Assets/Artwork/ENVIRONMENT/props/banner-side/banner-side-1.png using Guid(1423971c298b64565ac2014b97a82662) Importer(815301076,1909f56bfc062723c751e8b465ee728b)  -> (artifact id: 'c23107f40eff75dc9be8c564361e16de') in 0.004832 seconds
Number of updated asset objects reloaded before import = 0
Number of asset objects unloaded after import = 3
========================================================================
Received Import Request.
  Time since last request: 0.000010 seconds.
  path: Assets/Warped City Assets/Artwork/ENVIRONMENT/props/banner-side/banner-side-3.png
  artifactKey: Guid(5420c579b50cd47158e6c73fdad1bd7b) Importer(815301076,1909f56bfc062723c751e8b465ee728b)
Start importing Assets/Warped City Assets/Artwork/ENVIRONMENT/props/banner-side/banner-side-3.png using Guid(5420c579b50cd47158e6c73fdad1bd7b) Importer(815301076,1909f56bfc062723c751e8b465ee728b)  -> (artifact id: 'c2d962b865f3472a3664da4599473883') in 0.004321 seconds
Number of updated asset objects reloaded before import = 0
Number of asset objects unloaded after import = 3
========================================================================
Received Import Request.
  Time since last request: 0.002851 seconds.
  path: Assets/Warped City Assets/Artwork/SPRITES/player/back-jump/back-jump-2.png
  artifactKey: Guid(00e93ca0cc2c747c5814543f3f40d110) Importer(815301076,1909f56bfc062723c751e8b465ee728b)
Start importing Assets/Warped City Assets/Artwork/SPRITES/player/back-jump/back-jump-2.png using Guid(00e93ca0cc2c747c5814543f3f40d110) Importer(815301076,1909f56bfc062723c751e8b465ee728b)  -> (artifact id: '30c2727f54b1ceaf5d2e332fb4f9445c') in 0.004533 seconds
Number of updated asset objects reloaded before import = 0
Number of asset objects unloaded after import = 3
========================================================================
Received Import Request.
  Time since last request: 0.000012 seconds.
  path: Assets/Warped City Assets/Artwork/SPRITES/player/back-jump/back-jump-4.png
  artifactKey: Guid(6cc3fb510e8ba4969aae8867dd99e326) Importer(815301076,1909f56bfc062723c751e8b465ee728b)
Start importing Assets/Warped City Assets/Artwork/SPRITES/player/back-jump/back-jump-4.png using Guid(6cc3fb510e8ba4969aae8867dd99e326) Importer(815301076,1909f56bfc062723c751e8b465ee728b)  -> (artifact id: 'c3deefbcfc76c9899b0033683c5167e2') in 0.004870 seconds
Number of updated asset objects reloaded before import = 0
Number of asset objects unloaded after import = 3
========================================================================
Received Import Request.
  Time since last request: 0.000015 seconds.
  path: Assets/Warped City Assets/Artwork/ENVIRONMENT/props/banner-big/banner-big-3.png
  artifactKey: Guid(0a6ca078b274e43859b20657ebda9a05) Importer(815301076,1909f56bfc062723c751e8b465ee728b)
Start importing Assets/Warped City Assets/Artwork/ENVIRONMENT/props/banner-big/banner-big-3.png using Guid(0a6ca078b274e43859b20657ebda9a05) Importer(815301076,1909f56bfc062723c751e8b465ee728b)  -> (artifact id: '2eaf07eedf6b304cfd58ef271663bee5') in 0.006027 seconds
Number of updated asset objects reloaded before import = 0
Number of asset objects unloaded after import = 3
========================================================================
Received Import Request.
  Time since last request: 0.000029 seconds.
  path: Assets/Warped City Assets/Artwork/SPRITES/player/back-jump/back-jump-3.png
  artifactKey: Guid(d185b83f6152c4721a8aa7ea4c529123) Importer(815301076,1909f56bfc062723c751e8b465ee728b)
Start importing Assets/Warped City Assets/Artwork/SPRITES/player/back-jump/back-jump-3.png using Guid(d185b83f6152c4721a8aa7ea4c529123) Importer(815301076,1909f56bfc062723c751e8b465ee728b)  -> (artifact id: '3275811a670b3fda75b6831e2afa0fea') in 0.004521 seconds
Number of updated asset objects reloaded before import = 0
Number of asset objects unloaded after import = 3
========================================================================
Received Import Request.
  Time since last request: 0.000012 seconds.
  path: Assets/Warped City Assets/Artwork/SPRITES/player/back-jump/back-jump-7.png
  artifactKey: Guid(80ad1c68c2e1e4bd2b29fe6f4163bbc0) Importer(815301076,1909f56bfc062723c751e8b465ee728b)
Start importing Assets/Warped City Assets/Artwork/SPRITES/player/back-jump/back-jump-7.png using Guid(80ad1c68c2e1e4bd2b29fe6f4163bbc0) Importer(815301076,1909f56bfc062723c751e8b465ee728b)  -> (artifact id: 'f237d2968cef5d0d278e44ec778356ad') in 0.004349 seconds
Number of updated asset objects reloaded before import = 0
Number of asset objects unloaded after import = 3
========================================================================
Received Import Request.
  Time since last request: 0.000010 seconds.
  path: Assets/Warped City Assets/Artwork/ENVIRONMENT/props/banner-big/banner-big-2.png
  artifactKey: Guid(55e98b85e57fe472fa74b40d9b61538b) Importer(815301076,1909f56bfc062723c751e8b465ee728b)
Start importing Assets/Warped City Assets/Artwork/ENVIRONMENT/props/banner-big/banner-big-2.png using Guid(55e98b85e57fe472fa74b40d9b61538b) Importer(815301076,1909f56bfc062723c751e8b465ee728b)  -> (artifact id: '6ebd0986782be369cf68501e5c18f17b') in 0.005108 seconds
Number of updated asset objects reloaded before import = 0
Number of asset objects unloaded after import = 3
Editor requested this worker to shutdown with reason: Scaling down because of idle timeout
TcpMessagingSession - receive error: operation aborted. errorcode: 995, details:        I/O  .
AssetImportWorker is now disconnected from the server
Process exiting
Exiting without the bug reporter. Application will terminate with return code 0